{"level":30,"time":1689678352947,"pid":11628,"hostname":"DESKTOP-5ABHPS7","msg":"Configured server variables"}
{"level":30,"time":1689678352965,"pid":11628,"hostname":"DESKTOP-5ABHPS7","msg":"Configured app settings"}
{"level":30,"time":1689678352968,"pid":11628,"hostname":"DESKTOP-5ABHPS7","msg":"Server is working on 3000"}
{"level":30,"time":1689678352968,"pid":11628,"hostname":"DESKTOP-5ABHPS7","msg":"Server started apply configurations"}
{"level":30,"time":1689685194881,"pid":13236,"hostname":"DESKTOP-5ABHPS7","msg":"Configured server variables"}
{"level":30,"time":1689685194925,"pid":13236,"hostname":"DESKTOP-5ABHPS7","msg":"Configured app settings"}
{"level":30,"time":1689685194928,"pid":13236,"hostname":"DESKTOP-5ABHPS7","msg":"Server is working on 3000"}
{"level":30,"time":1689685194928,"pid":13236,"hostname":"DESKTOP-5ABHPS7","msg":"Server started apply configurations"}
{"level":50,"time":1689685224927,"pid":13236,"hostname":"DESKTOP-5ABHPS7","msg":"connection failed"}
{"level":30,"time":1689745132592,"pid":5340,"hostname":"DESKTOP-5ABHPS7","msg":"Configured server variables"}
{"level":30,"time":1689745132621,"pid":5340,"hostname":"DESKTOP-5ABHPS7","msg":"Configured app settings"}
{"level":30,"time":1689745132637,"pid":5340,"hostname":"DESKTOP-5ABHPS7","msg":"Server is working on 3000"}
{"level":30,"time":1689745132637,"pid":5340,"hostname":"DESKTOP-5ABHPS7","msg":"Server started apply configurations"}
{"level":50,"time":1689745133991,"pid":5340,"hostname":"DESKTOP-5ABHPS7","msg":"connection failed"}
{"level":30,"time":1689745237485,"pid":5340,"hostname":"DESKTOP-5ABHPS7","req":{"id":1,"method":"GET","url":"/","query":{},"params":{},"headers":{"host":"localhost:3000","connection":"keep-alive","sec-ch-ua":"\"Not.A/Brand\";v=\"8\", \"Chromium\";v=\"114\", \"Google Chrome\";v=\"114\"","sec-ch-ua-mobile":"?0","sec-ch-ua-platform":"\"Windows\"","upgrade-insecure-requests":"1","user-agent":"Mozilla/5.0 (Windows NT 10.0; Win64; x64) AppleWebKit/537.36 (KHTML, like Gecko) Chrome/114.0.0.0 Safari/537.36","accept":"text/html,application/xhtml+xml,application/xml;q=0.9,image/avif,image/webp,image/apng,*/*;q=0.8,application/signed-exchange;v=b3;q=0.7","sec-fetch-site":"none","sec-fetch-mode":"navigate","sec-fetch-user":"?1","sec-fetch-dest":"document","accept-encoding":"gzip, deflate, br","accept-language":"uk-UA,uk;q=0.9,en-US;q=0.8,en;q=0.7","cookie":"apollo-server-landing-page-redirect-to-studio-local=true; Webstorm-5335ba9=6427a296-6118-4708-96b9-45ecc1bcc09b"},"remoteAddress":"::1","remotePort":52596},"res":{"statusCode":404,"headers":{"x-powered-by":"Express","access-control-allow-origin":"*","content-security-policy":"default-src 'none'","x-content-type-options":"nosniff","content-type":"text/html; charset=utf-8","content-length":139}},"responseTime":9,"msg":"request completed"}
{"level":30,"time":1689745248707,"pid":5340,"hostname":"DESKTOP-5ABHPS7","msg":"Validated successfully"}
{"level":50,"time":1689745248713,"pid":5340,"hostname":"DESKTOP-5ABHPS7","msg":"Occurred during findById"}
{"level":50,"time":1689745248713,"pid":5340,"hostname":"DESKTOP-5ABHPS7","msg":"Occurred during findById"}
{"level":50,"time":1689745248713,"pid":5340,"hostname":"DESKTOP-5ABHPS7","msg":"Occurred in findById"}
{"level":30,"time":1689745336403,"pid":22200,"hostname":"DESKTOP-5ABHPS7","msg":"Configured server variables"}
{"level":30,"time":1689745336417,"pid":22200,"hostname":"DESKTOP-5ABHPS7","msg":"Configured app settings"}
{"level":30,"time":1689745336420,"pid":22200,"hostname":"DESKTOP-5ABHPS7","msg":"Server is working on 3000"}
{"level":30,"time":1689745336420,"pid":22200,"hostname":"DESKTOP-5ABHPS7","msg":"Server started apply configurations"}
{"level":50,"time":1689745337635,"pid":22200,"hostname":"DESKTOP-5ABHPS7","msg":"connection failed"}
{"level":30,"time":1689745427464,"pid":480,"hostname":"DESKTOP-5ABHPS7","msg":"Configured server variables"}
{"level":30,"time":1689745453211,"pid":480,"hostname":"DESKTOP-5ABHPS7","msg":"Configured app settings"}
{"level":30,"time":1689745459981,"pid":480,"hostname":"DESKTOP-5ABHPS7","msg":"Server is working on 3000"}
{"level":30,"time":1689745461277,"pid":480,"hostname":"DESKTOP-5ABHPS7","msg":"Server started apply configurations"}
{"level":50,"time":1689745467004,"pid":480,"hostname":"DESKTOP-5ABHPS7","msg":"connection failed"}
{"level":30,"time":1689745477610,"pid":16596,"hostname":"DESKTOP-5ABHPS7","msg":"Configured server variables"}
{"level":30,"time":1689745477624,"pid":16596,"hostname":"DESKTOP-5ABHPS7","msg":"Configured app settings"}
{"level":30,"time":1689745477632,"pid":16596,"hostname":"DESKTOP-5ABHPS7","msg":"Server is working on 3000"}
{"level":30,"time":1689745477632,"pid":16596,"hostname":"DESKTOP-5ABHPS7","msg":"Server started apply configurations"}
{"level":30,"time":1689745479111,"pid":16596,"hostname":"DESKTOP-5ABHPS7","msg":"database connected"}
{"level":30,"time":1689745492624,"pid":16596,"hostname":"DESKTOP-5ABHPS7","msg":"Validated successfully"}
{"level":50,"time":1689745492630,"pid":16596,"hostname":"DESKTOP-5ABHPS7","msg":"Occurred during findById"}
{"level":50,"time":1689745492630,"pid":16596,"hostname":"DESKTOP-5ABHPS7","msg":"Occurred in user service"}
{"level":50,"time":1689745492630,"pid":16596,"hostname":"DESKTOP-5ABHPS7","msg":"Occurred during findById"}
{"level":30,"time":1689745530006,"pid":5516,"hostname":"DESKTOP-5ABHPS7","msg":"Configured server variables"}
{"level":30,"time":1689745530020,"pid":5516,"hostname":"DESKTOP-5ABHPS7","msg":"Configured app settings"}
{"level":30,"time":1689745530023,"pid":5516,"hostname":"DESKTOP-5ABHPS7","msg":"Server is working on 3000"}
{"level":30,"time":1689745530023,"pid":5516,"hostname":"DESKTOP-5ABHPS7","msg":"Server started apply configurations"}
{"level":30,"time":1689745530059,"pid":5516,"hostname":"DESKTOP-5ABHPS7","msg":"Validated successfully"}
{"level":50,"time":1689745530064,"pid":5516,"hostname":"DESKTOP-5ABHPS7","msg":"Occurred during findById"}
{"level":50,"time":1689745530064,"pid":5516,"hostname":"DESKTOP-5ABHPS7","msg":"Occurred in user service"}
{"level":50,"time":1689745530064,"pid":5516,"hostname":"DESKTOP-5ABHPS7","msg":"Occurred during findById"}
{"level":30,"time":1689745530064,"pid":5516,"hostname":"DESKTOP-5ABHPS7","msg":"Error in error handler: "}
{"level":30,"time":1689745530071,"pid":5516,"hostname":"DESKTOP-5ABHPS7","req":{"id":1,"method":"GET","url":"/api/user/ferfe","query":{},"params":{},"headers":{"host":"localhost:3000","connection":"keep-alive","cache-control":"max-age=0","sec-ch-ua":"\"Not.A/Brand\";v=\"8\", \"Chromium\";v=\"114\", \"Google Chrome\";v=\"114\"","sec-ch-ua-mobile":"?0","sec-ch-ua-platform":"\"Windows\"","upgrade-insecure-requests":"1","user-agent":"Mozilla/5.0 (Windows NT 10.0; Win64; x64) AppleWebKit/537.36 (KHTML, like Gecko) Chrome/114.0.0.0 Safari/537.36","accept":"text/html,application/xhtml+xml,application/xml;q=0.9,image/avif,image/webp,image/apng,*/*;q=0.8,application/signed-exchange;v=b3;q=0.7","sec-fetch-site":"none","sec-fetch-mode":"navigate","sec-fetch-user":"?1","sec-fetch-dest":"document","accept-encoding":"gzip, deflate, br","accept-language":"uk-UA,uk;q=0.9,en-US;q=0.8,en;q=0.7","cookie":"apollo-server-landing-page-redirect-to-studio-local=true; Webstorm-5335ba9=6427a296-6118-4708-96b9-45ecc1bcc09b"},"remoteAddress":"::ffff:127.0.0.1","remotePort":52785},"res":{"statusCode":500,"headers":{"x-powered-by":"Express","access-control-allow-origin":"*","content-type":"application/json; charset=utf-8","content-length":"110","etag":"W/\"6e-Bw/t4PJXhf2O+n3/agqxiJRb7Z4\""}},"err":{"type":"Error","message":"failed with status code 500","stack":"Error: failed with status code 500\n    at onResFinished (D:\\web projects\\chat-app\\backend\\node_modules\\pino-http\\logger.js:110:39)\n    at ServerResponse.onResponseComplete (D:\\web projects\\chat-app\\backend\\node_modules\\pino-http\\logger.js:173:14)\n    at ServerResponse.emit (node:events:525:35)\n    at ServerResponse.emit (node:domain:489:12)\n    at onFinish (node:_http_outgoing:950:10)\n    at callback (node:internal/streams/writable:555:21)\n    at afterWrite (node:internal/streams/writable:500:5)\n    at afterWriteTick (node:internal/streams/writable:487:10)\n    at processTicksAndRejections (node:internal/process/task_queues:81:21)"},"responseTime":14,"msg":"request errored"}
{"level":30,"time":1689745530164,"pid":5516,"hostname":"DESKTOP-5ABHPS7","req":{"id":2,"method":"GET","url":"/favicon.ico","query":{},"params":{},"headers":{"host":"localhost:3000","connection":"keep-alive","sec-ch-ua":"\"Not.A/Brand\";v=\"8\", \"Chromium\";v=\"114\", \"Google Chrome\";v=\"114\"","sec-ch-ua-mobile":"?0","user-agent":"Mozilla/5.0 (Windows NT 10.0; Win64; x64) AppleWebKit/537.36 (KHTML, like Gecko) Chrome/114.0.0.0 Safari/537.36","sec-ch-ua-platform":"\"Windows\"","accept":"image/avif,image/webp,image/apng,image/svg+xml,image/*,*/*;q=0.8","sec-fetch-site":"same-origin","sec-fetch-mode":"no-cors","sec-fetch-dest":"image","referer":"http://localhost:3000/api/user/ferfe","accept-encoding":"gzip, deflate, br","accept-language":"uk-UA,uk;q=0.9,en-US;q=0.8,en;q=0.7","cookie":"apollo-server-landing-page-redirect-to-studio-local=true; Webstorm-5335ba9=6427a296-6118-4708-96b9-45ecc1bcc09b"},"remoteAddress":"::ffff:127.0.0.1","remotePort":52785},"res":{"statusCode":404,"headers":{"x-powered-by":"Express","access-control-allow-origin":"*","content-security-policy":"default-src 'none'","x-content-type-options":"nosniff","content-type":"text/html; charset=utf-8","content-length":150}},"responseTime":2,"msg":"request completed"}
{"level":30,"time":1689745531504,"pid":5516,"hostname":"DESKTOP-5ABHPS7","msg":"database connected"}
{"level":30,"time":1689745633359,"pid":19088,"hostname":"DESKTOP-5ABHPS7","msg":"Configured server variables"}
{"level":30,"time":1689745633373,"pid":19088,"hostname":"DESKTOP-5ABHPS7","msg":"Configured app settings"}
{"level":30,"time":1689745633375,"pid":19088,"hostname":"DESKTOP-5ABHPS7","msg":"Server is working on 3000"}
{"level":30,"time":1689745633376,"pid":19088,"hostname":"DESKTOP-5ABHPS7","msg":"Server started apply configurations"}
{"level":30,"time":1689745634875,"pid":19088,"hostname":"DESKTOP-5ABHPS7","msg":"database connected"}
{"level":30,"time":1689745659094,"pid":6556,"hostname":"DESKTOP-5ABHPS7","msg":"Configured server variables"}
{"level":30,"time":1689745674029,"pid":6556,"hostname":"DESKTOP-5ABHPS7","msg":"Configured app settings"}
{"level":30,"time":1689745682468,"pid":6556,"hostname":"DESKTOP-5ABHPS7","msg":"Server is working on 3000"}
{"level":30,"time":1689745683725,"pid":6556,"hostname":"DESKTOP-5ABHPS7","msg":"Server started apply configurations"}
{"level":30,"time":1689745689453,"pid":6556,"hostname":"DESKTOP-5ABHPS7","msg":"database connected"}
{"level":30,"time":1689745832970,"pid":22676,"hostname":"DESKTOP-5ABHPS7","msg":"Configured server variables"}
{"level":30,"time":1689745832987,"pid":22676,"hostname":"DESKTOP-5ABHPS7","msg":"Configured app settings"}
{"level":30,"time":1689745832990,"pid":22676,"hostname":"DESKTOP-5ABHPS7","msg":"Server is working on 3000"}
{"level":30,"time":1689745832990,"pid":22676,"hostname":"DESKTOP-5ABHPS7","msg":"Server started apply configurations"}
{"level":30,"time":1689745834507,"pid":22676,"hostname":"DESKTOP-5ABHPS7","msg":"database connected"}
{"level":30,"time":1689745853247,"pid":22676,"hostname":"DESKTOP-5ABHPS7","msg":"Validated successfully"}
{"level":50,"time":1689745853388,"pid":22676,"hostname":"DESKTOP-5ABHPS7","msg":"Occurred in user service"}
{"level":50,"time":1689745853388,"pid":22676,"hostname":"DESKTOP-5ABHPS7","msg":"Occurred during findById"}
{"level":30,"time":1689745853388,"pid":22676,"hostname":"DESKTOP-5ABHPS7","msg":"Error in error handler: "}
{"level":30,"time":1689745853391,"pid":22676,"hostname":"DESKTOP-5ABHPS7","req":{"id":1,"method":"GET","url":"/api/user/ferfe43w2rtw","query":{},"params":{},"headers":{"host":"localhost:3000","connection":"keep-alive","sec-ch-ua":"\"Not.A/Brand\";v=\"8\", \"Chromium\";v=\"114\", \"Google Chrome\";v=\"114\"","sec-ch-ua-mobile":"?0","sec-ch-ua-platform":"\"Windows\"","upgrade-insecure-requests":"1","user-agent":"Mozilla/5.0 (Windows NT 10.0; Win64; x64) AppleWebKit/537.36 (KHTML, like Gecko) Chrome/114.0.0.0 Safari/537.36","accept":"text/html,application/xhtml+xml,application/xml;q=0.9,image/avif,image/webp,image/apng,*/*;q=0.8,application/signed-exchange;v=b3;q=0.7","sec-fetch-site":"none","sec-fetch-mode":"navigate","sec-fetch-user":"?1","sec-fetch-dest":"document","accept-encoding":"gzip, deflate, br","accept-language":"uk-UA,uk;q=0.9,en-US;q=0.8,en;q=0.7","cookie":"apollo-server-landing-page-redirect-to-studio-local=true; Webstorm-5335ba9=6427a296-6118-4708-96b9-45ecc1bcc09b"},"remoteAddress":"::1","remotePort":52979},"res":{"statusCode":404,"headers":{"x-powered-by":"Express","access-control-allow-origin":"*","content-type":"application/json; charset=utf-8","content-length":"49","etag":"W/\"31-+ZchEOscWtORL3IEvMv0rDAAsFw\""}},"responseTime":146,"msg":"request completed"}
{"level":30,"time":1690286700021,"pid":12024,"hostname":"DESKTOP-5ABHPS7","msg":"Configured server variables"}
{"level":30,"time":1690286700036,"pid":12024,"hostname":"DESKTOP-5ABHPS7","msg":"Configured app settings"}
{"level":30,"time":1690286700056,"pid":12024,"hostname":"DESKTOP-5ABHPS7","msg":"Server is working on 3000"}
{"level":30,"time":1690286700056,"pid":12024,"hostname":"DESKTOP-5ABHPS7","msg":"Server started apply configurations"}
{"level":30,"time":1690286709234,"pid":12024,"hostname":"DESKTOP-5ABHPS7","req":{"id":1,"method":"GET","url":"/","query":{},"params":{},"headers":{"host":"localhost:3000","connection":"keep-alive","cache-control":"max-age=0","sec-ch-ua":"\"Not.A/Brand\";v=\"8\", \"Chromium\";v=\"114\", \"Google Chrome\";v=\"114\"","sec-ch-ua-mobile":"?0","sec-ch-ua-platform":"\"Windows\"","upgrade-insecure-requests":"1","user-agent":"Mozilla/5.0 (Windows NT 10.0; Win64; x64) AppleWebKit/537.36 (KHTML, like Gecko) Chrome/114.0.0.0 Safari/537.36","accept":"text/html,application/xhtml+xml,application/xml;q=0.9,image/avif,image/webp,image/apng,*/*;q=0.8,application/signed-exchange;v=b3;q=0.7","sec-fetch-site":"none","sec-fetch-mode":"navigate","sec-fetch-user":"?1","sec-fetch-dest":"document","accept-encoding":"gzip, deflate, br","accept-language":"uk-UA,uk;q=0.9,en-US;q=0.8,en;q=0.7","cookie":"apollo-server-landing-page-redirect-to-studio-local=true; Webstorm-5335ba9=6427a296-6118-4708-96b9-45ecc1bcc09b; mongo-express=s%3AMJ-fhWTSMpuWjl5-tKMOStpbv9wVpHmi.L738D%2BhlsAgRo4zlhKprpsVB8YuW2fadQGhTyzvCf%2Fw","if-none-match":"W/\"6af-+M4OSPFNZpwKBdFEydrj+1+V5xo\""},"remoteAddress":"::1","remotePort":50931},"res":{"statusCode":404,"headers":{"x-powered-by":"Express","access-control-allow-origin":"*","content-security-policy":"default-src 'none'","x-content-type-options":"nosniff","content-type":"text/html; charset=utf-8","content-length":139}},"responseTime":5,"msg":"request completed"}
{"level":30,"time":1690287121152,"pid":15468,"hostname":"DESKTOP-5ABHPS7","msg":"Configured server variables"}
{"level":30,"time":1690287121183,"pid":15468,"hostname":"DESKTOP-5ABHPS7","msg":"Configured app settings"}
{"level":30,"time":1690287121330,"pid":15468,"hostname":"DESKTOP-5ABHPS7","msg":"Server is working on 3000"}
{"level":30,"time":1690287121330,"pid":15468,"hostname":"DESKTOP-5ABHPS7","msg":"Server started apply configurations"}
{"level":30,"time":1690287173776,"pid":3376,"hostname":"DESKTOP-5ABHPS7","msg":"Configured server variables"}
{"level":30,"time":1690287173804,"pid":3376,"hostname":"DESKTOP-5ABHPS7","msg":"Configured app settings"}
{"level":30,"time":1690287173816,"pid":3376,"hostname":"DESKTOP-5ABHPS7","msg":"Server is working on 3000"}
{"level":30,"time":1690287173816,"pid":3376,"hostname":"DESKTOP-5ABHPS7","msg":"Server started apply configurations"}
{"level":50,"time":1690287203927,"pid":3376,"hostname":"DESKTOP-5ABHPS7","msg":"connection failed"}
{"level":30,"time":1690287525696,"pid":21392,"hostname":"DESKTOP-5ABHPS7","msg":"Configured server variables"}
{"level":30,"time":1690287525751,"pid":21392,"hostname":"DESKTOP-5ABHPS7","msg":"Configured app settings"}
{"level":30,"time":1690287525755,"pid":21392,"hostname":"DESKTOP-5ABHPS7","msg":"Server is working on 3000"}
{"level":30,"time":1690287525755,"pid":21392,"hostname":"DESKTOP-5ABHPS7","msg":"Server started apply configurations"}
{"level":50,"time":1690287556332,"pid":21392,"hostname":"DESKTOP-5ABHPS7","msg":"connection failed"}
{"level":30,"time":1690287661757,"pid":21392,"hostname":"DESKTOP-5ABHPS7","req":{"id":2,"method":"GET","url":"/","query":{},"params":{},"headers":{"host":"localhost:3000","connection":"keep-alive","sec-ch-ua":"\"Not.A/Brand\";v=\"8\", \"Chromium\";v=\"114\", \"Google Chrome\";v=\"114\"","sec-ch-ua-mobile":"?0","sec-ch-ua-platform":"\"Windows\"","upgrade-insecure-requests":"1","user-agent":"Mozilla/5.0 (Windows NT 10.0; Win64; x64) AppleWebKit/537.36 (KHTML, like Gecko) Chrome/114.0.0.0 Safari/537.36","accept":"text/html,application/xhtml+xml,application/xml;q=0.9,image/avif,image/webp,image/apng,*/*;q=0.8,application/signed-exchange;v=b3;q=0.7","sec-fetch-site":"none","sec-fetch-mode":"navigate","sec-fetch-user":"?1","sec-fetch-dest":"document","accept-encoding":"gzip, deflate, br","accept-language":"uk-UA,uk;q=0.9,en-US;q=0.8,en;q=0.7","cookie":"apollo-server-landing-page-redirect-to-studio-local=true; Webstorm-5335ba9=6427a296-6118-4708-96b9-45ecc1bcc09b; mongo-express=s%3AMJ-fhWTSMpuWjl5-tKMOStpbv9wVpHmi.L738D%2BhlsAgRo4zlhKprpsVB8YuW2fadQGhTyzvCf%2Fw"},"remoteAddress":"::1","remotePort":52124},"res":{"statusCode":404,"headers":{"x-powered-by":"Express","access-control-allow-origin":"*","content-security-policy":"default-src 'none'","x-content-type-options":"nosniff","content-type":"text/html; charset=utf-8","content-length":139}},"responseTime":77,"msg":"request completed"}
{"level":30,"time":1690287676753,"pid":21392,"hostname":"DESKTOP-5ABHPS7","req":{"id":1,"method":"POST","url":"/api/user/registration","query":{},"params":{},"headers":{"content-type":"application/json","authorization":"Bearer eyJhbGciOiJIUzI1NiIsInR5cCI6IkpXVCJ9.eyJpc1ZlcmlmaWVkIjpmYWxzZSwiaWQiOjcsImVtYWlsIjoiZW1haWxAZ21haWwuY29tIiwiaWF0IjoxNjg3OTM5MTUzLCJleHAiOjE2ODc5NDAzNTN9.ob8u9bYRbj0g9uI5vz9oHTy1McduQVaEbFf-Pmr_Trw","user-agent":"PostmanRuntime/7.32.3","accept":"*/*","postman-token":"1cb7e232-a72e-4b0a-ac97-191268b3db3c","host":"localhost:3000","accept-encoding":"gzip, deflate, br","connection":"keep-alive","content-length":"121","cookie":"refreshToken=eyJhbGciOiJIUzI1NiIsInR5cCI6IkpXVCJ9.eyJpc1ZlcmlmaWVkIjpmYWxzZSwiaWQiOjcsImVtYWlsIjoiZW1haWxAZ21haWwuY29tIiwiaWF0IjoxNjg3OTM5MTUzLCJleHAiOjE2OTA1MzExNTN9.Im84-SC50Y4hiRucXpp7IFoFQ7TD_y8FMbvED2da2EE"},"remoteAddress":"::1","remotePort":52061},"res":{"statusCode":null,"headers":{"x-powered-by":"Express","access-control-allow-origin":"*"}},"responseTime":61157,"msg":"request aborted"}
{"level":30,"time":1690287735997,"pid":21092,"hostname":"DESKTOP-5ABHPS7","msg":"Configured server variables"}
{"level":30,"time":1690287736014,"pid":21092,"hostname":"DESKTOP-5ABHPS7","msg":"Configured app settings"}
{"level":30,"time":1690287736051,"pid":21092,"hostname":"DESKTOP-5ABHPS7","msg":"Server is working on 3000"}
{"level":30,"time":1690287736051,"pid":21092,"hostname":"DESKTOP-5ABHPS7","msg":"Server started apply configurations"}
{"level":50,"time":1690287766722,"pid":21092,"hostname":"DESKTOP-5ABHPS7","msg":"connection failed"}
{"level":30,"time":1690287776024,"pid":9736,"hostname":"DESKTOP-5ABHPS7","msg":"Configured server variables"}
{"level":30,"time":1690287776039,"pid":9736,"hostname":"DESKTOP-5ABHPS7","msg":"Configured app settings"}
{"level":30,"time":1690287776043,"pid":9736,"hostname":"DESKTOP-5ABHPS7","msg":"Server is working on 3000"}
{"level":30,"time":1690287776043,"pid":9736,"hostname":"DESKTOP-5ABHPS7","msg":"Server started apply configurations"}
{"level":50,"time":1690287780243,"pid":9736,"hostname":"DESKTOP-5ABHPS7","msg":"connection failed"}
{"level":30,"time":1690287802320,"pid":11120,"hostname":"DESKTOP-5ABHPS7","msg":"Configured server variables"}
{"level":30,"time":1690287811233,"pid":11120,"hostname":"DESKTOP-5ABHPS7","msg":"Configured app settings"}
{"level":30,"time":1690287811237,"pid":11120,"hostname":"DESKTOP-5ABHPS7","msg":"Server is working on 3000"}
{"level":30,"time":1690287811237,"pid":11120,"hostname":"DESKTOP-5ABHPS7","msg":"Server started apply configurations"}
{"level":30,"time":1690288062412,"pid":2624,"hostname":"DESKTOP-5ABHPS7","msg":"Configured server variables"}
{"level":30,"time":1690288065263,"pid":2624,"hostname":"DESKTOP-5ABHPS7","msg":"Configured app settings"}
{"level":30,"time":1690288065267,"pid":2624,"hostname":"DESKTOP-5ABHPS7","msg":"Server is working on 3000"}
{"level":30,"time":1690288065267,"pid":2624,"hostname":"DESKTOP-5ABHPS7","msg":"Server started apply configurations"}
{"level":30,"time":1690288068247,"pid":2624,"hostname":"DESKTOP-5ABHPS7","msg":"database connected"}
{"level":50,"time":1690288118423,"pid":2624,"hostname":"DESKTOP-5ABHPS7","msg":"Occurred during registration"}
{"level":30,"time":1690288119546,"pid":2624,"hostname":"DESKTOP-5ABHPS7","msg":"Error in error handler: "}
{"level":30,"time":1690288123498,"pid":2624,"hostname":"DESKTOP-5ABHPS7","req":{"id":1,"method":"POST","url":"/api/user/registration","query":{},"params":{},"headers":{"content-type":"application/json","authorization":"Bearer eyJhbGciOiJIUzI1NiIsInR5cCI6IkpXVCJ9.eyJpc1ZlcmlmaWVkIjpmYWxzZSwiaWQiOjcsImVtYWlsIjoiZW1haWxAZ21haWwuY29tIiwiaWF0IjoxNjg3OTM5MTUzLCJleHAiOjE2ODc5NDAzNTN9.ob8u9bYRbj0g9uI5vz9oHTy1McduQVaEbFf-Pmr_Trw","user-agent":"PostmanRuntime/7.32.3","accept":"*/*","postman-token":"f9a886fb-1452-49bf-8cfe-aafa3bf06ad4","host":"localhost:3000","accept-encoding":"gzip, deflate, br","connection":"keep-alive","content-length":"121","cookie":"refreshToken=eyJhbGciOiJIUzI1NiIsInR5cCI6IkpXVCJ9.eyJpc1ZlcmlmaWVkIjpmYWxzZSwiaWQiOjcsImVtYWlsIjoiZW1haWxAZ21haWwuY29tIiwiaWF0IjoxNjg3OTM5MTUzLCJleHAiOjE2OTA1MzExNTN9.Im84-SC50Y4hiRucXpp7IFoFQ7TD_y8FMbvED2da2EE"},"remoteAddress":"::1","remotePort":52883},"res":{"statusCode":500,"headers":{"x-powered-by":"Express","access-control-allow-origin":"*","content-type":"application/json; charset=utf-8","content-length":"110","etag":"W/\"6e-Bw/t4PJXhf2O+n3/agqxiJRb7Z4\""}},"err":{"type":"Error","message":"failed with status code 500","stack":"Error: failed with status code 500\n    at onResFinished (D:\\web projects\\chat-app\\backend\\node_modules\\pino-http\\logger.js:110:39)\n    at ServerResponse.onResponseComplete (D:\\web projects\\chat-app\\backend\\node_modules\\pino-http\\logger.js:173:14)\n    at ServerResponse.emit (node:events:525:35)\n    at ServerResponse.emit (node:domain:489:12)\n    at onFinish (node:_http_outgoing:950:10)\n    at callback (node:internal/streams/writable:555:21)\n    at afterWrite (node:internal/streams/writable:500:5)\n    at afterWriteTick (node:internal/streams/writable:487:10)\n    at processTicksAndRejections (node:internal/process/task_queues:81:21)"},"responseTime":46675,"msg":"request errored"}
{"level":50,"time":1690288155441,"pid":2624,"hostname":"DESKTOP-5ABHPS7","msg":"Occurred during registration"}
{"level":30,"time":1690288156385,"pid":2624,"hostname":"DESKTOP-5ABHPS7","msg":"Error in error handler: "}
{"level":30,"time":1690288157143,"pid":2624,"hostname":"DESKTOP-5ABHPS7","req":{"id":2,"method":"POST","url":"/api/user/registration","query":{},"params":{},"headers":{"content-type":"application/json","authorization":"Bearer eyJhbGciOiJIUzI1NiIsInR5cCI6IkpXVCJ9.eyJpc1ZlcmlmaWVkIjpmYWxzZSwiaWQiOjcsImVtYWlsIjoiZW1haWxAZ21haWwuY29tIiwiaWF0IjoxNjg3OTM5MTUzLCJleHAiOjE2ODc5NDAzNTN9.ob8u9bYRbj0g9uI5vz9oHTy1McduQVaEbFf-Pmr_Trw","user-agent":"PostmanRuntime/7.32.3","accept":"*/*","postman-token":"cf9cc897-09d9-43ec-beab-5967a980dad0","host":"localhost:3000","accept-encoding":"gzip, deflate, br","connection":"keep-alive","content-length":"121","cookie":"refreshToken=eyJhbGciOiJIUzI1NiIsInR5cCI6IkpXVCJ9.eyJpc1ZlcmlmaWVkIjpmYWxzZSwiaWQiOjcsImVtYWlsIjoiZW1haWxAZ21haWwuY29tIiwiaWF0IjoxNjg3OTM5MTUzLCJleHAiOjE2OTA1MzExNTN9.Im84-SC50Y4hiRucXpp7IFoFQ7TD_y8FMbvED2da2EE"},"remoteAddress":"::1","remotePort":52883},"res":{"statusCode":500,"headers":{"x-powered-by":"Express","access-control-allow-origin":"*","content-type":"application/json; charset=utf-8","content-length":"110","etag":"W/\"6e-Bw/t4PJXhf2O+n3/agqxiJRb7Z4\""}},"err":{"type":"Error","message":"failed with status code 500","stack":"Error: failed with status code 500\n    at onResFinished (D:\\web projects\\chat-app\\backend\\node_modules\\pino-http\\logger.js:110:39)\n    at ServerResponse.onResponseComplete (D:\\web projects\\chat-app\\backend\\node_modules\\pino-http\\logger.js:173:14)\n    at ServerResponse.emit (node:events:525:35)\n    at ServerResponse.emit (node:domain:489:12)\n    at onFinish (node:_http_outgoing:950:10)\n    at callback (node:internal/streams/writable:555:21)\n    at afterWrite (node:internal/streams/writable:500:5)\n    at afterWriteTick (node:internal/streams/writable:487:10)\n    at processTicksAndRejections (node:internal/process/task_queues:81:21)"},"responseTime":33639,"msg":"request errored"}
{"level":50,"time":1690288238690,"pid":2624,"hostname":"DESKTOP-5ABHPS7","msg":"Occurred during registration"}
{"level":30,"time":1690288239127,"pid":2624,"hostname":"DESKTOP-5ABHPS7","msg":"Error in error handler: "}
{"level":30,"time":1690288239661,"pid":2624,"hostname":"DESKTOP-5ABHPS7","req":{"id":3,"method":"POST","url":"/api/user/registration","query":{},"params":{},"headers":{"content-type":"application/json","authorization":"Bearer eyJhbGciOiJIUzI1NiIsInR5cCI6IkpXVCJ9.eyJpc1ZlcmlmaWVkIjpmYWxzZSwiaWQiOjcsImVtYWlsIjoiZW1haWxAZ21haWwuY29tIiwiaWF0IjoxNjg3OTM5MTUzLCJleHAiOjE2ODc5NDAzNTN9.ob8u9bYRbj0g9uI5vz9oHTy1McduQVaEbFf-Pmr_Trw","user-agent":"PostmanRuntime/7.32.3","accept":"*/*","postman-token":"29620b34-87ba-4d53-82d7-554156016c64","host":"localhost:3000","accept-encoding":"gzip, deflate, br","connection":"keep-alive","content-length":"121","cookie":"refreshToken=eyJhbGciOiJIUzI1NiIsInR5cCI6IkpXVCJ9.eyJpc1ZlcmlmaWVkIjpmYWxzZSwiaWQiOjcsImVtYWlsIjoiZW1haWxAZ21haWwuY29tIiwiaWF0IjoxNjg3OTM5MTUzLCJleHAiOjE2OTA1MzExNTN9.Im84-SC50Y4hiRucXpp7IFoFQ7TD_y8FMbvED2da2EE"},"remoteAddress":"::1","remotePort":53037},"res":{"statusCode":500,"headers":{"x-powered-by":"Express","access-control-allow-origin":"*","content-type":"application/json; charset=utf-8","content-length":"110","etag":"W/\"6e-Bw/t4PJXhf2O+n3/agqxiJRb7Z4\""}},"err":{"type":"Error","message":"failed with status code 500","stack":"Error: failed with status code 500\n    at onResFinished (D:\\web projects\\chat-app\\backend\\node_modules\\pino-http\\logger.js:110:39)\n    at ServerResponse.onResponseComplete (D:\\web projects\\chat-app\\backend\\node_modules\\pino-http\\logger.js:173:14)\n    at ServerResponse.emit (node:events:525:35)\n    at ServerResponse.emit (node:domain:489:12)\n    at onFinish (node:_http_outgoing:950:10)\n    at callback (node:internal/streams/writable:555:21)\n    at afterWrite (node:internal/streams/writable:500:5)\n    at afterWriteTick (node:internal/streams/writable:487:10)\n    at processTicksAndRejections (node:internal/process/task_queues:81:21)"},"responseTime":44305,"msg":"request errored"}
{"level":30,"time":1690288263841,"pid":11828,"hostname":"DESKTOP-5ABHPS7","msg":"Configured server variables"}
{"level":30,"time":1690288264527,"pid":11828,"hostname":"DESKTOP-5ABHPS7","msg":"Configured app settings"}
{"level":30,"time":1690288264543,"pid":11828,"hostname":"DESKTOP-5ABHPS7","msg":"Server is working on 3000"}
{"level":30,"time":1690288264543,"pid":11828,"hostname":"DESKTOP-5ABHPS7","msg":"Server started apply configurations"}
{"level":30,"time":1690288267253,"pid":11828,"hostname":"DESKTOP-5ABHPS7","msg":"database connected"}
{"level":50,"time":1690288276253,"pid":11828,"hostname":"DESKTOP-5ABHPS7","msg":"Occurred in user service"}
{"level":50,"time":1690288281394,"pid":11828,"hostname":"DESKTOP-5ABHPS7","msg":"Occurred during registration"}
{"level":30,"time":1690288282008,"pid":11828,"hostname":"DESKTOP-5ABHPS7","msg":"Error in error handler: "}
{"level":30,"time":1690288300265,"pid":11828,"hostname":"DESKTOP-5ABHPS7","req":{"id":1,"method":"POST","url":"/api/user/registration","query":{},"params":{},"headers":{"content-type":"application/json","authorization":"Bearer eyJhbGciOiJIUzI1NiIsInR5cCI6IkpXVCJ9.eyJpc1ZlcmlmaWVkIjpmYWxzZSwiaWQiOjcsImVtYWlsIjoiZW1haWxAZ21haWwuY29tIiwiaWF0IjoxNjg3OTM5MTUzLCJleHAiOjE2ODc5NDAzNTN9.ob8u9bYRbj0g9uI5vz9oHTy1McduQVaEbFf-Pmr_Trw","user-agent":"PostmanRuntime/7.32.3","accept":"*/*","postman-token":"9fd624a3-7b06-4056-a4ad-c380c72c6a38","host":"localhost:3000","accept-encoding":"gzip, deflate, br","connection":"keep-alive","content-length":"121","cookie":"refreshToken=eyJhbGciOiJIUzI1NiIsInR5cCI6IkpXVCJ9.eyJpc1ZlcmlmaWVkIjpmYWxzZSwiaWQiOjcsImVtYWlsIjoiZW1haWxAZ21haWwuY29tIiwiaWF0IjoxNjg3OTM5MTUzLCJleHAiOjE2OTA1MzExNTN9.Im84-SC50Y4hiRucXpp7IFoFQ7TD_y8FMbvED2da2EE"},"remoteAddress":"::1","remotePort":53108},"res":{"statusCode":404,"headers":{"x-powered-by":"Express","access-control-allow-origin":"*","content-type":"application/json; charset=utf-8","content-length":"92","etag":"W/\"5c-42BN29j9HBwcYAqwFzOhV2rgsHA\""}},"responseTime":29727,"msg":"request completed"}
{"level":50,"time":1690288304089,"pid":11828,"hostname":"DESKTOP-5ABHPS7","msg":"Occurred in user service"}
{"level":50,"time":1690288306223,"pid":11828,"hostname":"DESKTOP-5ABHPS7","msg":"Occurred during registration"}
{"level":30,"time":1690288307296,"pid":11828,"hostname":"DESKTOP-5ABHPS7","msg":"Error in error handler: "}
{"level":30,"time":1690288352456,"pid":11828,"hostname":"DESKTOP-5ABHPS7","req":{"id":2,"method":"POST","url":"/api/user/registration","query":{},"params":{},"headers":{"content-type":"application/json","authorization":"Bearer eyJhbGciOiJIUzI1NiIsInR5cCI6IkpXVCJ9.eyJpc1ZlcmlmaWVkIjpmYWxzZSwiaWQiOjcsImVtYWlsIjoiZW1haWxAZ21haWwuY29tIiwiaWF0IjoxNjg3OTM5MTUzLCJleHAiOjE2ODc5NDAzNTN9.ob8u9bYRbj0g9uI5vz9oHTy1McduQVaEbFf-Pmr_Trw","user-agent":"PostmanRuntime/7.32.3","accept":"*/*","postman-token":"40de6c21-9a03-4a05-b718-5f80174062d6","host":"localhost:3000","accept-encoding":"gzip, deflate, br","connection":"keep-alive","content-length":"127","cookie":"refreshToken=eyJhbGciOiJIUzI1NiIsInR5cCI6IkpXVCJ9.eyJpc1ZlcmlmaWVkIjpmYWxzZSwiaWQiOjcsImVtYWlsIjoiZW1haWxAZ21haWwuY29tIiwiaWF0IjoxNjg3OTM5MTUzLCJleHAiOjE2OTA1MzExNTN9.Im84-SC50Y4hiRucXpp7IFoFQ7TD_y8FMbvED2da2EE"},"remoteAddress":"::1","remotePort":53108},"res":{"statusCode":404,"headers":{"x-powered-by":"Express","access-control-allow-origin":"*","content-type":"application/json; charset=utf-8","content-length":"92","etag":"W/\"5c-42BN29j9HBwcYAqwFzOhV2rgsHA\""}},"responseTime":52184,"msg":"request completed"}
{"level":30,"time":1690288431544,"pid":3744,"hostname":"DESKTOP-5ABHPS7","msg":"Configured server variables"}
{"level":30,"time":1690288432333,"pid":3744,"hostname":"DESKTOP-5ABHPS7","msg":"Configured app settings"}
{"level":30,"time":1690288432337,"pid":3744,"hostname":"DESKTOP-5ABHPS7","msg":"Server is working on 3000"}
{"level":30,"time":1690288432337,"pid":3744,"hostname":"DESKTOP-5ABHPS7","msg":"Server started apply configurations"}
{"level":30,"time":1690288436567,"pid":3744,"hostname":"DESKTOP-5ABHPS7","msg":"database connected"}
{"level":30,"time":1690288445139,"pid":3744,"hostname":"DESKTOP-5ABHPS7","msg":"Validated successfully"}
{"level":30,"time":1690288450123,"pid":3744,"hostname":"DESKTOP-5ABHPS7","msg":"Sending activation link started"}
{"level":30,"time":1690288450123,"pid":3744,"hostname":"DESKTOP-5ABHPS7","msg":"Receiver: "}
{"level":30,"time":1690288450123,"pid":3744,"hostname":"DESKTOP-5ABHPS7","msg":"Link: "}
{"level":50,"time":1690288450135,"pid":3744,"hostname":"DESKTOP-5ABHPS7","msg":"Error occurred in token repository"}
{"level":50,"time":1690288450135,"pid":3744,"hostname":"DESKTOP-5ABHPS7","msg":"Error occurred in token service"}
{"level":50,"time":1690288450303,"pid":3744,"hostname":"DESKTOP-5ABHPS7","msg":"Occurred in user service"}
{"level":50,"time":1690288476871,"pid":3744,"hostname":"DESKTOP-5ABHPS7","msg":"Occurred during registration"}
{"level":30,"time":1690288477585,"pid":3744,"hostname":"DESKTOP-5ABHPS7","msg":"Error in error handler: "}
{"level":30,"time":1690288481408,"pid":3744,"hostname":"DESKTOP-5ABHPS7","req":{"id":1,"method":"POST","url":"/api/user/registration","query":{},"params":{},"headers":{"content-type":"application/json","authorization":"Bearer eyJhbGciOiJIUzI1NiIsInR5cCI6IkpXVCJ9.eyJpc1ZlcmlmaWVkIjpmYWxzZSwiaWQiOjcsImVtYWlsIjoiZW1haWxAZ21haWwuY29tIiwiaWF0IjoxNjg3OTM5MTUzLCJleHAiOjE2ODc5NDAzNTN9.ob8u9bYRbj0g9uI5vz9oHTy1McduQVaEbFf-Pmr_Trw","user-agent":"PostmanRuntime/7.32.3","accept":"*/*","postman-token":"875ebfce-fd17-45ad-9264-8432f05b9f2c","host":"localhost:3000","accept-encoding":"gzip, deflate, br","connection":"keep-alive","content-length":"127","cookie":"refreshToken=eyJhbGciOiJIUzI1NiIsInR5cCI6IkpXVCJ9.eyJpc1ZlcmlmaWVkIjpmYWxzZSwiaWQiOjcsImVtYWlsIjoiZW1haWxAZ21haWwuY29tIiwiaWF0IjoxNjg3OTM5MTUzLCJleHAiOjE2OTA1MzExNTN9.Im84-SC50Y4hiRucXpp7IFoFQ7TD_y8FMbvED2da2EE"},"remoteAddress":"::1","remotePort":53326},"res":{"statusCode":500,"headers":{"x-powered-by":"Express","access-control-allow-origin":"*","content-type":"application/json; charset=utf-8","content-length":"110","etag":"W/\"6e-Bw/t4PJXhf2O+n3/agqxiJRb7Z4\""}},"err":{"type":"Error","message":"failed with status code 500","stack":"Error: failed with status code 500\n    at onResFinished (D:\\web projects\\chat-app\\backend\\node_modules\\pino-http\\logger.js:110:39)\n    at ServerResponse.onResponseComplete (D:\\web projects\\chat-app\\backend\\node_modules\\pino-http\\logger.js:173:14)\n    at ServerResponse.emit (node:events:525:35)\n    at ServerResponse.emit (node:domain:489:12)\n    at onFinish (node:_http_outgoing:950:10)\n    at callback (node:internal/streams/writable:555:21)\n    at afterWrite (node:internal/streams/writable:500:5)\n    at afterWriteTick (node:internal/streams/writable:487:10)\n    at processTicksAndRejections (node:internal/process/task_queues:81:21)"},"responseTime":41307,"msg":"request errored"}
{"level":50,"time":1690288481648,"pid":3744,"hostname":"DESKTOP-5ABHPS7","msg":"An Error occurred during sending email"}
{"level":30,"time":1690288513336,"pid":3744,"hostname":"DESKTOP-5ABHPS7","msg":"Validated successfully"}
{"level":30,"time":1690288664893,"pid":3744,"hostname":"DESKTOP-5ABHPS7","msg":"Sending activation link started"}
{"level":30,"time":1690288664893,"pid":3744,"hostname":"DESKTOP-5ABHPS7","msg":"Receiver: "}
{"level":30,"time":1690288664893,"pid":3744,"hostname":"DESKTOP-5ABHPS7","msg":"Link: "}
{"level":50,"time":1690288677034,"pid":3744,"hostname":"DESKTOP-5ABHPS7","msg":"Error occurred in token repository"}
{"level":50,"time":1690288677034,"pid":3744,"hostname":"DESKTOP-5ABHPS7","msg":"Error occurred in token service"}
{"level":50,"time":1690288677231,"pid":3744,"hostname":"DESKTOP-5ABHPS7","msg":"Occurred in user service"}
{"level":50,"time":1690288679864,"pid":3744,"hostname":"DESKTOP-5ABHPS7","msg":"Occurred during registration"}
{"level":30,"time":1690288680352,"pid":3744,"hostname":"DESKTOP-5ABHPS7","msg":"Error in error handler: "}
{"level":30,"time":1690288681215,"pid":3744,"hostname":"DESKTOP-5ABHPS7","req":{"id":2,"method":"POST","url":"/api/user/registration","query":{},"params":{},"headers":{"content-type":"application/json","authorization":"Bearer eyJhbGciOiJIUzI1NiIsInR5cCI6IkpXVCJ9.eyJpc1ZlcmlmaWVkIjpmYWxzZSwiaWQiOjcsImVtYWlsIjoiZW1haWxAZ21haWwuY29tIiwiaWF0IjoxNjg3OTM5MTUzLCJleHAiOjE2ODc5NDAzNTN9.ob8u9bYRbj0g9uI5vz9oHTy1McduQVaEbFf-Pmr_Trw","user-agent":"PostmanRuntime/7.32.3","accept":"*/*","postman-token":"e063f0de-87d6-4e81-b983-9e4e9b0633e7","host":"localhost:3000","accept-encoding":"gzip, deflate, br","connection":"keep-alive","content-length":"127","cookie":"refreshToken=eyJhbGciOiJIUzI1NiIsInR5cCI6IkpXVCJ9.eyJpc1ZlcmlmaWVkIjpmYWxzZSwiaWQiOjcsImVtYWlsIjoiZW1haWxAZ21haWwuY29tIiwiaWF0IjoxNjg3OTM5MTUzLCJleHAiOjE2OTA1MzExNTN9.Im84-SC50Y4hiRucXpp7IFoFQ7TD_y8FMbvED2da2EE"},"remoteAddress":"::1","remotePort":53384},"res":{"statusCode":500,"headers":{"x-powered-by":"Express","access-control-allow-origin":"*","content-type":"application/json; charset=utf-8","content-length":"110","etag":"W/\"6e-Bw/t4PJXhf2O+n3/agqxiJRb7Z4\""}},"err":{"type":"Error","message":"failed with status code 500","stack":"Error: failed with status code 500\n    at onResFinished (D:\\web projects\\chat-app\\backend\\node_modules\\pino-http\\logger.js:110:39)\n    at ServerResponse.onResponseComplete (D:\\web projects\\chat-app\\backend\\node_modules\\pino-http\\logger.js:173:14)\n    at ServerResponse.emit (node:events:525:35)\n    at ServerResponse.emit (node:domain:489:12)\n    at onFinish (node:_http_outgoing:950:10)\n    at callback (node:internal/streams/writable:555:21)\n    at afterWrite (node:internal/streams/writable:500:5)\n    at afterWriteTick (node:internal/streams/writable:487:10)\n    at processTicksAndRejections (node:internal/process/task_queues:81:21)"},"responseTime":173615,"msg":"request errored"}
{"level":50,"time":1690288681218,"pid":3744,"hostname":"DESKTOP-5ABHPS7","msg":"An Error occurred during sending email"}
{"level":30,"time":1690288816504,"pid":3744,"hostname":"DESKTOP-5ABHPS7","msg":"Validated successfully"}
{"level":30,"time":1690288835138,"pid":3744,"hostname":"DESKTOP-5ABHPS7","msg":"Sending activation link started"}
{"level":30,"time":1690288835138,"pid":3744,"hostname":"DESKTOP-5ABHPS7","msg":"Receiver: "}
{"level":30,"time":1690288835139,"pid":3744,"hostname":"DESKTOP-5ABHPS7","msg":"Link: "}
{"level":50,"time":1690288844776,"pid":3744,"hostname":"DESKTOP-5ABHPS7","msg":"Error occurred in token repository"}
{"level":50,"time":1690288844777,"pid":3744,"hostname":"DESKTOP-5ABHPS7","msg":"Error occurred in token service"}
{"level":50,"time":1690288844961,"pid":3744,"hostname":"DESKTOP-5ABHPS7","msg":"Occurred in user service"}
{"level":50,"time":1690288846015,"pid":3744,"hostname":"DESKTOP-5ABHPS7","msg":"Occurred during registration"}
{"level":30,"time":1690288850823,"pid":3744,"hostname":"DESKTOP-5ABHPS7","msg":"Error in error handler: "}
{"level":30,"time":1690288851375,"pid":3744,"hostname":"DESKTOP-5ABHPS7","req":{"id":3,"method":"POST","url":"/api/user/registration","query":{},"params":{},"headers":{"content-type":"application/json","authorization":"Bearer eyJhbGciOiJIUzI1NiIsInR5cCI6IkpXVCJ9.eyJpc1ZlcmlmaWVkIjpmYWxzZSwiaWQiOjcsImVtYWlsIjoiZW1haWxAZ21haWwuY29tIiwiaWF0IjoxNjg3OTM5MTUzLCJleHAiOjE2ODc5NDAzNTN9.ob8u9bYRbj0g9uI5vz9oHTy1McduQVaEbFf-Pmr_Trw","user-agent":"PostmanRuntime/7.32.3","accept":"*/*","postman-token":"7536b0bf-a695-44f9-aafd-3531612d2406","host":"localhost:3000","accept-encoding":"gzip, deflate, br","connection":"keep-alive","content-length":"127","cookie":"refreshToken=eyJhbGciOiJIUzI1NiIsInR5cCI6IkpXVCJ9.eyJpc1ZlcmlmaWVkIjpmYWxzZSwiaWQiOjcsImVtYWlsIjoiZW1haWxAZ21haWwuY29tIiwiaWF0IjoxNjg3OTM5MTUzLCJleHAiOjE2OTA1MzExNTN9.Im84-SC50Y4hiRucXpp7IFoFQ7TD_y8FMbvED2da2EE"},"remoteAddress":"::1","remotePort":53683},"res":{"statusCode":500,"headers":{"x-powered-by":"Express","access-control-allow-origin":"*","content-type":"application/json; charset=utf-8","content-length":"110","etag":"W/\"6e-Bw/t4PJXhf2O+n3/agqxiJRb7Z4\""}},"err":{"type":"Error","message":"failed with status code 500","stack":"Error: failed with status code 500\n    at onResFinished (D:\\web projects\\chat-app\\backend\\node_modules\\pino-http\\logger.js:110:39)\n    at ServerResponse.onResponseComplete (D:\\web projects\\chat-app\\backend\\node_modules\\pino-http\\logger.js:173:14)\n    at ServerResponse.emit (node:events:525:35)\n    at ServerResponse.emit (node:domain:489:12)\n    at onFinish (node:_http_outgoing:950:10)\n    at callback (node:internal/streams/writable:555:21)\n    at afterWrite (node:internal/streams/writable:500:5)\n    at afterWriteTick (node:internal/streams/writable:487:10)\n    at processTicksAndRejections (node:internal/process/task_queues:81:21)"},"responseTime":38775,"msg":"request errored"}
{"level":50,"time":1690288851377,"pid":3744,"hostname":"DESKTOP-5ABHPS7","msg":"An Error occurred during sending email"}
{"level":30,"time":1690294095576,"pid":18200,"hostname":"DESKTOP-5ABHPS7","msg":"Configured server variables"}
{"level":30,"time":1690294095593,"pid":18200,"hostname":"DESKTOP-5ABHPS7","msg":"Configured app settings"}
{"level":30,"time":1690294095597,"pid":18200,"hostname":"DESKTOP-5ABHPS7","msg":"Server is working on 3000"}
{"level":30,"time":1690294095597,"pid":18200,"hostname":"DESKTOP-5ABHPS7","msg":"Server started apply configurations"}
{"level":50,"time":1690294125765,"pid":18200,"hostname":"DESKTOP-5ABHPS7","msg":"connection failed"}
{"level":30,"time":1690294207760,"pid":24460,"hostname":"DESKTOP-5ABHPS7","msg":"Configured server variables"}
{"level":30,"time":1690294207776,"pid":24460,"hostname":"DESKTOP-5ABHPS7","msg":"Configured app settings"}
{"level":30,"time":1690294207780,"pid":24460,"hostname":"DESKTOP-5ABHPS7","msg":"Server is working on 3000"}
{"level":30,"time":1690294207780,"pid":24460,"hostname":"DESKTOP-5ABHPS7","msg":"Server started apply configurations"}
{"level":50,"time":1690294237921,"pid":24460,"hostname":"DESKTOP-5ABHPS7","msg":"connection failed"}
{"level":30,"time":1690294317168,"pid":9436,"hostname":"DESKTOP-5ABHPS7","msg":"Configured server variables"}
{"level":30,"time":1690294323825,"pid":9436,"hostname":"DESKTOP-5ABHPS7","msg":"Configured app settings"}
{"level":30,"time":1690294323828,"pid":9436,"hostname":"DESKTOP-5ABHPS7","msg":"Server is working on 3000"}
{"level":30,"time":1690294323828,"pid":9436,"hostname":"DESKTOP-5ABHPS7","msg":"Server started apply configurations"}
{"level":30,"time":1690294343548,"pid":9500,"hostname":"DESKTOP-5ABHPS7","msg":"Configured server variables"}
{"level":30,"time":1690294347707,"pid":9500,"hostname":"DESKTOP-5ABHPS7","msg":"Configured app settings"}
{"level":30,"time":1690294347795,"pid":9500,"hostname":"DESKTOP-5ABHPS7","msg":"Server is working on 3000"}
{"level":30,"time":1690294347795,"pid":9500,"hostname":"DESKTOP-5ABHPS7","msg":"Server started apply configurations"}
{"level":30,"time":1690294383573,"pid":13872,"hostname":"DESKTOP-5ABHPS7","msg":"Configured server variables"}
{"level":30,"time":1690294386968,"pid":13872,"hostname":"DESKTOP-5ABHPS7","msg":"Configured app settings"}
{"level":30,"time":1690294386972,"pid":13872,"hostname":"DESKTOP-5ABHPS7","msg":"Server is working on 3000"}
{"level":30,"time":1690294386973,"pid":13872,"hostname":"DESKTOP-5ABHPS7","msg":"Server started apply configurations"}
{"level":30,"time":1690294390584,"pid":13872,"hostname":"DESKTOP-5ABHPS7","msg":"database connected"}
{"level":30,"time":1690294408610,"pid":13872,"hostname":"DESKTOP-5ABHPS7","msg":"Validated successfully"}
{"level":30,"time":1690294469886,"pid":13872,"hostname":"DESKTOP-5ABHPS7","msg":"Sending activation link started"}
{"level":30,"time":1690294469886,"pid":13872,"hostname":"DESKTOP-5ABHPS7","msg":"Receiver: "}
{"level":30,"time":1690294469886,"pid":13872,"hostname":"DESKTOP-5ABHPS7","msg":"Link: "}
{"level":50,"time":1690294477809,"pid":13872,"hostname":"DESKTOP-5ABHPS7","msg":"Error occurred in token repository"}
{"level":50,"time":1690294477809,"pid":13872,"hostname":"DESKTOP-5ABHPS7","msg":"Error occurred in token service"}
{"level":50,"time":1690294477945,"pid":13872,"hostname":"DESKTOP-5ABHPS7","msg":"Occurred in user service"}
{"level":50,"time":1690294519656,"pid":13872,"hostname":"DESKTOP-5ABHPS7","msg":"Occurred during registration"}
{"level":30,"time":1690294520744,"pid":13872,"hostname":"DESKTOP-5ABHPS7","msg":"Error in error handler: "}
{"level":30,"time":1690294521290,"pid":13872,"hostname":"DESKTOP-5ABHPS7","req":{"id":1,"method":"POST","url":"/api/user/registration","query":{},"params":{},"headers":{"content-type":"application/json","authorization":"Bearer eyJhbGciOiJIUzI1NiIsInR5cCI6IkpXVCJ9.eyJpc1ZlcmlmaWVkIjpmYWxzZSwiaWQiOjcsImVtYWlsIjoiZW1haWxAZ21haWwuY29tIiwiaWF0IjoxNjg3OTM5MTUzLCJleHAiOjE2ODc5NDAzNTN9.ob8u9bYRbj0g9uI5vz9oHTy1McduQVaEbFf-Pmr_Trw","user-agent":"PostmanRuntime/7.32.3","accept":"*/*","postman-token":"816d8b18-c30e-494f-ad86-2381ef069230","host":"localhost:3000","accept-encoding":"gzip, deflate, br","connection":"keep-alive","content-length":"127","cookie":"refreshToken=eyJhbGciOiJIUzI1NiIsInR5cCI6IkpXVCJ9.eyJpc1ZlcmlmaWVkIjpmYWxzZSwiaWQiOjcsImVtYWlsIjoiZW1haWxAZ21haWwuY29tIiwiaWF0IjoxNjg3OTM5MTUzLCJleHAiOjE2OTA1MzExNTN9.Im84-SC50Y4hiRucXpp7IFoFQ7TD_y8FMbvED2da2EE"},"remoteAddress":"::1","remotePort":63653},"res":{"statusCode":500,"headers":{"x-powered-by":"Express","access-control-allow-origin":"*","content-type":"application/json; charset=utf-8","content-length":"110","etag":"W/\"6e-Bw/t4PJXhf2O+n3/agqxiJRb7Z4\""}},"err":{"type":"Error","message":"failed with status code 500","stack":"Error: failed with status code 500\n    at onResFinished (D:\\web projects\\chat-app\\backend\\node_modules\\pino-http\\logger.js:110:39)\n    at ServerResponse.onResponseComplete (D:\\web projects\\chat-app\\backend\\node_modules\\pino-http\\logger.js:173:14)\n    at ServerResponse.emit (node:events:525:35)\n    at ServerResponse.emit (node:domain:489:12)\n    at onFinish (node:_http_outgoing:950:10)\n    at callback (node:internal/streams/writable:555:21)\n    at afterWrite (node:internal/streams/writable:500:5)\n    at afterWriteTick (node:internal/streams/writable:487:10)\n    at processTicksAndRejections (node:internal/process/task_queues:81:21)"},"responseTime":126965,"msg":"request errored"}
{"level":50,"time":1690294521534,"pid":13872,"hostname":"DESKTOP-5ABHPS7","msg":"An Error occurred during sending email"}
{"level":30,"time":1690294526810,"pid":13872,"hostname":"DESKTOP-5ABHPS7","msg":"Validated successfully"}
{"level":30,"time":1690294662324,"pid":13872,"hostname":"DESKTOP-5ABHPS7","msg":"Sending activation link started"}
{"level":30,"time":1690294662324,"pid":13872,"hostname":"DESKTOP-5ABHPS7","msg":"Receiver: "}
{"level":30,"time":1690294662324,"pid":13872,"hostname":"DESKTOP-5ABHPS7","msg":"Link: "}
{"level":50,"time":1690294664522,"pid":13872,"hostname":"DESKTOP-5ABHPS7","msg":"Error occurred in token repository"}
{"level":50,"time":1690294665113,"pid":13872,"hostname":"DESKTOP-5ABHPS7","msg":"Error occurred in token service"}
{"level":50,"time":1690294684018,"pid":13872,"hostname":"DESKTOP-5ABHPS7","msg":"An Error occurred during sending email"}
{"level":50,"time":1690294684026,"pid":13872,"hostname":"DESKTOP-5ABHPS7","msg":"Occurred in user service"}
{"level":50,"time":1690294684643,"pid":13872,"hostname":"DESKTOP-5ABHPS7","msg":"Occurred during registration"}
{"level":30,"time":1690294685136,"pid":13872,"hostname":"DESKTOP-5ABHPS7","msg":"Error in error handler: "}
{"level":30,"time":1690294687329,"pid":13872,"hostname":"DESKTOP-5ABHPS7","req":{"id":2,"method":"POST","url":"/api/user/registration","query":{},"params":{},"headers":{"content-type":"application/json","authorization":"Bearer eyJhbGciOiJIUzI1NiIsInR5cCI6IkpXVCJ9.eyJpc1ZlcmlmaWVkIjpmYWxzZSwiaWQiOjcsImVtYWlsIjoiZW1haWxAZ21haWwuY29tIiwiaWF0IjoxNjg3OTM5MTUzLCJleHAiOjE2ODc5NDAzNTN9.ob8u9bYRbj0g9uI5vz9oHTy1McduQVaEbFf-Pmr_Trw","user-agent":"PostmanRuntime/7.32.3","accept":"*/*","postman-token":"ced3d260-ebf6-4b7f-84d9-cd8ac54c4128","host":"localhost:3000","accept-encoding":"gzip, deflate, br","connection":"keep-alive","content-length":"127","cookie":"refreshToken=eyJhbGciOiJIUzI1NiIsInR5cCI6IkpXVCJ9.eyJpc1ZlcmlmaWVkIjpmYWxzZSwiaWQiOjcsImVtYWlsIjoiZW1haWxAZ21haWwuY29tIiwiaWF0IjoxNjg3OTM5MTUzLCJleHAiOjE2OTA1MzExNTN9.Im84-SC50Y4hiRucXpp7IFoFQ7TD_y8FMbvED2da2EE"},"remoteAddress":"::1","remotePort":63653},"res":{"statusCode":500,"headers":{"x-powered-by":"Express","access-control-allow-origin":"*","content-type":"application/json; charset=utf-8","content-length":"110","etag":"W/\"6e-Bw/t4PJXhf2O+n3/agqxiJRb7Z4\""}},"err":{"type":"Error","message":"failed with status code 500","stack":"Error: failed with status code 500\n    at onResFinished (D:\\web projects\\chat-app\\backend\\node_modules\\pino-http\\logger.js:110:39)\n    at ServerResponse.onResponseComplete (D:\\web projects\\chat-app\\backend\\node_modules\\pino-http\\logger.js:173:14)\n    at ServerResponse.emit (node:events:525:35)\n    at ServerResponse.emit (node:domain:489:12)\n    at onFinish (node:_http_outgoing:950:10)\n    at callback (node:internal/streams/writable:555:21)\n    at afterWrite (node:internal/streams/writable:500:5)\n    at afterWriteTick (node:internal/streams/writable:487:10)\n    at processTicksAndRejections (node:internal/process/task_queues:81:21)"},"responseTime":164203,"msg":"request errored"}
{"level":30,"time":1690294895425,"pid":21948,"hostname":"DESKTOP-5ABHPS7","msg":"Configured server variables"}
{"level":30,"time":1690294895440,"pid":21948,"hostname":"DESKTOP-5ABHPS7","msg":"Configured app settings"}
{"level":30,"time":1690294895442,"pid":21948,"hostname":"DESKTOP-5ABHPS7","msg":"Server is working on 3000"}
{"level":30,"time":1690294895443,"pid":21948,"hostname":"DESKTOP-5ABHPS7","msg":"Server started apply configurations"}
{"level":30,"time":1690294896898,"pid":21948,"hostname":"DESKTOP-5ABHPS7","msg":"database connected"}
{"level":30,"time":1690294910591,"pid":21948,"hostname":"DESKTOP-5ABHPS7","msg":"Validated successfully"}
{"level":30,"time":1690294911371,"pid":21948,"hostname":"DESKTOP-5ABHPS7","msg":"Sending activation link started"}
{"level":30,"time":1690294911371,"pid":21948,"hostname":"DESKTOP-5ABHPS7","msg":"Receiver: "}
{"level":30,"time":1690294911371,"pid":21948,"hostname":"DESKTOP-5ABHPS7","msg":"Link: "}
{"level":50,"time":1690294911402,"pid":21948,"hostname":"DESKTOP-5ABHPS7","msg":"Error occurred in token repository"}
{"level":50,"time":1690294911403,"pid":21948,"hostname":"DESKTOP-5ABHPS7","msg":"Error occurred in token service"}
{"level":50,"time":1690294911535,"pid":21948,"hostname":"DESKTOP-5ABHPS7","msg":"Occurred in user service"}
{"level":50,"time":1690294911536,"pid":21948,"hostname":"DESKTOP-5ABHPS7","msg":"Occurred during registration"}
{"level":30,"time":1690294911536,"pid":21948,"hostname":"DESKTOP-5ABHPS7","msg":"Error in error handler: "}
{"level":30,"time":1690294911542,"pid":21948,"hostname":"DESKTOP-5ABHPS7","req":{"id":1,"method":"POST","url":"/api/user/registration","query":{},"params":{},"headers":{"content-type":"application/json","authorization":"Bearer eyJhbGciOiJIUzI1NiIsInR5cCI6IkpXVCJ9.eyJpc1ZlcmlmaWVkIjpmYWxzZSwiaWQiOjcsImVtYWlsIjoiZW1haWxAZ21haWwuY29tIiwiaWF0IjoxNjg3OTM5MTUzLCJleHAiOjE2ODc5NDAzNTN9.ob8u9bYRbj0g9uI5vz9oHTy1McduQVaEbFf-Pmr_Trw","user-agent":"PostmanRuntime/7.32.3","accept":"*/*","postman-token":"288a3652-6388-4e07-bcfa-f4bde06ff570","host":"localhost:3000","accept-encoding":"gzip, deflate, br","connection":"keep-alive","content-length":"127","cookie":"refreshToken=eyJhbGciOiJIUzI1NiIsInR5cCI6IkpXVCJ9.eyJpc1ZlcmlmaWVkIjpmYWxzZSwiaWQiOjcsImVtYWlsIjoiZW1haWxAZ21haWwuY29tIiwiaWF0IjoxNjg3OTM5MTUzLCJleHAiOjE2OTA1MzExNTN9.Im84-SC50Y4hiRucXpp7IFoFQ7TD_y8FMbvED2da2EE"},"remoteAddress":"::1","remotePort":63963},"res":{"statusCode":500,"headers":{"x-powered-by":"Express","access-control-allow-origin":"*","content-type":"application/json; charset=utf-8","content-length":"110","etag":"W/\"6e-Bw/t4PJXhf2O+n3/agqxiJRb7Z4\""}},"err":{"type":"Error","message":"failed with status code 500","stack":"Error: failed with status code 500\n    at onResFinished (D:\\web projects\\chat-app\\backend\\node_modules\\pino-http\\logger.js:110:39)\n    at ServerResponse.onResponseComplete (D:\\web projects\\chat-app\\backend\\node_modules\\pino-http\\logger.js:173:14)\n    at ServerResponse.emit (node:events:525:35)\n    at ServerResponse.emit (node:domain:489:12)\n    at onFinish (node:_http_outgoing:950:10)\n    at callback (node:internal/streams/writable:555:21)\n    at afterWrite (node:internal/streams/writable:500:5)\n    at afterWriteTick (node:internal/streams/writable:487:10)\n    at processTicksAndRejections (node:internal/process/task_queues:81:21)"},"responseTime":1047,"msg":"request errored"}
{"level":50,"time":1690294911584,"pid":21948,"hostname":"DESKTOP-5ABHPS7","msg":"An Error occurred during sending email"}
{"level":30,"time":1690294928081,"pid":22164,"hostname":"DESKTOP-5ABHPS7","msg":"Configured server variables"}
{"level":30,"time":1690294940225,"pid":22164,"hostname":"DESKTOP-5ABHPS7","msg":"Configured app settings"}
{"level":30,"time":1690294940229,"pid":22164,"hostname":"DESKTOP-5ABHPS7","msg":"Server is working on 3000"}
{"level":30,"time":1690294940229,"pid":22164,"hostname":"DESKTOP-5ABHPS7","msg":"Server started apply configurations"}
{"level":30,"time":1690294941673,"pid":22164,"hostname":"DESKTOP-5ABHPS7","msg":"database connected"}
{"level":30,"time":1690294949796,"pid":22164,"hostname":"DESKTOP-5ABHPS7","msg":"Validated successfully"}
{"level":30,"time":1690294967162,"pid":22164,"hostname":"DESKTOP-5ABHPS7","msg":"Sending activation link started"}
{"level":30,"time":1690294967162,"pid":22164,"hostname":"DESKTOP-5ABHPS7","msg":"Receiver: "}
{"level":30,"time":1690294967162,"pid":22164,"hostname":"DESKTOP-5ABHPS7","msg":"Link: "}
{"level":50,"time":1690295116490,"pid":22164,"hostname":"DESKTOP-5ABHPS7","msg":"Error occurred in token repository"}
{"level":50,"time":1690295118432,"pid":22164,"hostname":"DESKTOP-5ABHPS7","msg":"Error occurred in token service"}
{"level":30,"time":1690295125881,"pid":14780,"hostname":"DESKTOP-5ABHPS7","msg":"Configured server variables"}
{"level":30,"time":1690295125897,"pid":14780,"hostname":"DESKTOP-5ABHPS7","msg":"Configured app settings"}
{"level":30,"time":1690295125901,"pid":14780,"hostname":"DESKTOP-5ABHPS7","msg":"Server is working on 3000"}
{"level":30,"time":1690295125901,"pid":14780,"hostname":"DESKTOP-5ABHPS7","msg":"Server started apply configurations"}
{"level":30,"time":1690295127380,"pid":14780,"hostname":"DESKTOP-5ABHPS7","msg":"database connected"}
{"level":30,"time":1690295140418,"pid":14700,"hostname":"DESKTOP-5ABHPS7","msg":"Configured server variables"}
{"level":30,"time":1690295140443,"pid":14700,"hostname":"DESKTOP-5ABHPS7","msg":"Configured app settings"}
{"level":30,"time":1690295140449,"pid":14700,"hostname":"DESKTOP-5ABHPS7","msg":"Server is working on 3000"}
{"level":30,"time":1690295140449,"pid":14700,"hostname":"DESKTOP-5ABHPS7","msg":"Server started apply configurations"}
{"level":30,"time":1690295141856,"pid":14700,"hostname":"DESKTOP-5ABHPS7","msg":"database connected"}
{"level":30,"time":1690295219497,"pid":14700,"hostname":"DESKTOP-5ABHPS7","msg":"Validated successfully"}
{"level":30,"time":1690295227899,"pid":14700,"hostname":"DESKTOP-5ABHPS7","msg":"Sending activation link started"}
{"level":30,"time":1690295227900,"pid":14700,"hostname":"DESKTOP-5ABHPS7","msg":"Receiver: "}
{"level":30,"time":1690295227900,"pid":14700,"hostname":"DESKTOP-5ABHPS7","msg":"Link: "}
{"level":50,"time":1690295309745,"pid":14700,"hostname":"DESKTOP-5ABHPS7","msg":"Error occurred in token service"}
{"level":50,"time":1690295312440,"pid":14700,"hostname":"DESKTOP-5ABHPS7","msg":"An Error occurred during sending email"}
{"level":50,"time":1690295312564,"pid":14700,"hostname":"DESKTOP-5ABHPS7","msg":"Occurred in user service"}
{"level":50,"time":1690295313439,"pid":14700,"hostname":"DESKTOP-5ABHPS7","msg":"Occurred during registration"}
{"level":30,"time":1690295313991,"pid":14700,"hostname":"DESKTOP-5ABHPS7","msg":"Error in error handler: "}
{"level":30,"time":1690295314834,"pid":14700,"hostname":"DESKTOP-5ABHPS7","req":{"id":1,"method":"POST","url":"/api/user/registration","query":{},"params":{},"headers":{"content-type":"application/json","authorization":"Bearer eyJhbGciOiJIUzI1NiIsInR5cCI6IkpXVCJ9.eyJpc1ZlcmlmaWVkIjpmYWxzZSwiaWQiOjcsImVtYWlsIjoiZW1haWxAZ21haWwuY29tIiwiaWF0IjoxNjg3OTM5MTUzLCJleHAiOjE2ODc5NDAzNTN9.ob8u9bYRbj0g9uI5vz9oHTy1McduQVaEbFf-Pmr_Trw","user-agent":"PostmanRuntime/7.32.3","accept":"*/*","postman-token":"e60e4782-5724-4b91-a9ff-49421dac1856","host":"localhost:3000","accept-encoding":"gzip, deflate, br","connection":"keep-alive","content-length":"127","cookie":"refreshToken=eyJhbGciOiJIUzI1NiIsInR5cCI6IkpXVCJ9.eyJpc1ZlcmlmaWVkIjpmYWxzZSwiaWQiOjcsImVtYWlsIjoiZW1haWxAZ21haWwuY29tIiwiaWF0IjoxNjg3OTM5MTUzLCJleHAiOjE2OTA1MzExNTN9.Im84-SC50Y4hiRucXpp7IFoFQ7TD_y8FMbvED2da2EE"},"remoteAddress":"::1","remotePort":64227},"res":{"statusCode":500,"headers":{"x-powered-by":"Express","access-control-allow-origin":"*","content-type":"application/json; charset=utf-8","content-length":"94","etag":"W/\"5e-GAuDlRlUZpT+QpdRsUkJODtkn2I\""}},"err":{"type":"Error","message":"failed with status code 500","stack":"Error: failed with status code 500\n    at onResFinished (D:\\web projects\\chat-app\\backend\\node_modules\\pino-http\\logger.js:110:39)\n    at ServerResponse.onResponseComplete (D:\\web projects\\chat-app\\backend\\node_modules\\pino-http\\logger.js:173:14)\n    at ServerResponse.emit (node:events:525:35)\n    at ServerResponse.emit (node:domain:489:12)\n    at onFinish (node:_http_outgoing:950:10)\n    at callback (node:internal/streams/writable:555:21)\n    at afterWrite (node:internal/streams/writable:500:5)\n    at afterWriteTick (node:internal/streams/writable:487:10)\n    at processTicksAndRejections (node:internal/process/task_queues:81:21)"},"responseTime":109056,"msg":"request errored"}
{"level":30,"time":1690295458597,"pid":5804,"hostname":"DESKTOP-5ABHPS7","msg":"Configured server variables"}
{"level":30,"time":1690295458612,"pid":5804,"hostname":"DESKTOP-5ABHPS7","msg":"Configured app settings"}
{"level":30,"time":1690295458616,"pid":5804,"hostname":"DESKTOP-5ABHPS7","msg":"Server is working on 3000"}
{"level":30,"time":1690295458616,"pid":5804,"hostname":"DESKTOP-5ABHPS7","msg":"Server started apply configurations"}
{"level":30,"time":1690295460249,"pid":5804,"hostname":"DESKTOP-5ABHPS7","msg":"database connected"}
{"level":30,"time":1690295488196,"pid":5804,"hostname":"DESKTOP-5ABHPS7","msg":"Validated successfully"}
{"level":30,"time":1690295507261,"pid":5804,"hostname":"DESKTOP-5ABHPS7","msg":"Sending activation link started"}
{"level":30,"time":1690295507261,"pid":5804,"hostname":"DESKTOP-5ABHPS7","msg":"Receiver: "}
{"level":30,"time":1690295507261,"pid":5804,"hostname":"DESKTOP-5ABHPS7","msg":"Link: "}
{"level":50,"time":1690295539019,"pid":5804,"hostname":"DESKTOP-5ABHPS7","msg":"An Error occurred during sending email"}
{"level":30,"time":1690295541217,"pid":5804,"hostname":"DESKTOP-5ABHPS7","msg":"Refresh token was added to the cookie"}
{"level":30,"time":1690295619091,"pid":5804,"hostname":"DESKTOP-5ABHPS7","req":{"id":1,"method":"POST","url":"/api/user/registration","query":{},"params":{},"headers":{"content-type":"application/json","authorization":"Bearer eyJhbGciOiJIUzI1NiIsInR5cCI6IkpXVCJ9.eyJpc1ZlcmlmaWVkIjpmYWxzZSwiaWQiOjcsImVtYWlsIjoiZW1haWxAZ21haWwuY29tIiwiaWF0IjoxNjg3OTM5MTUzLCJleHAiOjE2ODc5NDAzNTN9.ob8u9bYRbj0g9uI5vz9oHTy1McduQVaEbFf-Pmr_Trw","user-agent":"PostmanRuntime/7.32.3","accept":"*/*","postman-token":"c9d6af26-b08a-4c0d-a1ad-649b44b99a11","host":"localhost:3000","accept-encoding":"gzip, deflate, br","connection":"keep-alive","content-length":"127","cookie":"refreshToken=eyJhbGciOiJIUzI1NiIsInR5cCI6IkpXVCJ9.eyJpc1ZlcmlmaWVkIjpmYWxzZSwiaWQiOjcsImVtYWlsIjoiZW1haWxAZ21haWwuY29tIiwiaWF0IjoxNjg3OTM5MTUzLCJleHAiOjE2OTA1MzExNTN9.Im84-SC50Y4hiRucXpp7IFoFQ7TD_y8FMbvED2da2EE"},"remoteAddress":"::1","remotePort":64433},"res":{"statusCode":200,"headers":{"x-powered-by":"Express","access-control-allow-origin":"*","set-cookie":"refreshToken=eyJhbGciOiJIUzI1NiIsInR5cCI6IkpXVCJ9.eyJfaWQiOiI2NGJmZGNjMDM4OTczOTQyOWFiZDljODciLCJlbWFpbCI6Inlhcm9zbGF2LmNlYnJvQGdtYWlsLmNvbSIsImlzVmVyaWZpZWQiOmZhbHNlLCJpYXQiOjE2OTAyOTU1MTEsImV4cCI6MTY5Mjg4NzUxMX0.IwUtM3PrZMH6pe_qtMuXzqZMIx8h6gBs4Iu4tg89SmM; Max-Age=1; Path=/; Expires=Tue, 25 Jul 2023 14:32:22 GMT; HttpOnly","content-type":"application/json; charset=utf-8","content-length":"620","etag":"W/\"26c-jAK6Qr9tepkgkoqPZCTQLjITZSw\""}},"responseTime":135843,"msg":"request completed"}
{"level":30,"time":1690295619111,"pid":5804,"hostname":"DESKTOP-5ABHPS7","msg":"Authorization went good"}
{"level":30,"time":1690295619111,"pid":5804,"hostname":"DESKTOP-5ABHPS7","msg":"sendOtp started"}
{"level":30,"time":1690295619111,"pid":5804,"hostname":"DESKTOP-5ABHPS7","msg":"userId: "}
{"level":30,"time":1690295619246,"pid":5804,"hostname":"DESKTOP-5ABHPS7","msg":"Error in error handler: "}
{"level":30,"time":1690295619250,"pid":5804,"hostname":"DESKTOP-5ABHPS7","req":{"id":2,"method":"POST","url":"/api/user/send-otp","query":{},"params":{},"headers":{"authorization":"Bearer eyJhbGciOiJIUzI1NiIsInR5cCI6IkpXVCJ9.eyJfaWQiOiI2NGJmZGNjMDM4OTczOTQyOWFiZDljODciLCJlbWFpbCI6Inlhcm9zbGF2LmNlYnJvQGdtYWlsLmNvbSIsImlzVmVyaWZpZWQiOmZhbHNlLCJpYXQiOjE2OTAyOTU1MTEsImV4cCI6MTY5MDI5NjcxMX0.CHY3P8wQCJVbyCOmcsrZxRT99zlIbZJBq3k50h1KbOI","user-agent":"PostmanRuntime/7.32.3","accept":"*/*","postman-token":"3138dcc8-4835-4fb2-bcb3-5404e40b3bb4","host":"localhost:3000","accept-encoding":"gzip, deflate, br","connection":"keep-alive","content-length":"0"},"remoteAddress":"::1","remotePort":64433},"res":{"statusCode":404,"headers":{"x-powered-by":"Express","access-control-allow-origin":"*","content-type":"application/json; charset=utf-8","content-length":"65","etag":"W/\"41-3nQa7b0qErTX/nvtF/myt5dS3H4\""}},"responseTime":142,"msg":"request completed"}
{"level":30,"time":1690295678765,"pid":5804,"hostname":"DESKTOP-5ABHPS7","msg":"Authorization went good"}
{"level":30,"time":1690295678765,"pid":5804,"hostname":"DESKTOP-5ABHPS7","msg":"sendOtp started"}
{"level":30,"time":1690295717554,"pid":5804,"hostname":"DESKTOP-5ABHPS7","msg":"userId: "}
{"level":30,"time":1690295723330,"pid":5804,"hostname":"DESKTOP-5ABHPS7","msg":"Error in error handler: "}
{"level":30,"time":1690295723331,"pid":5804,"hostname":"DESKTOP-5ABHPS7","req":{"id":3,"method":"POST","url":"/api/user/send-otp","query":{},"params":{},"headers":{"authorization":"Bearer eyJhbGciOiJIUzI1NiIsInR5cCI6IkpXVCJ9.eyJfaWQiOiI2NGJmZGNjMDM4OTczOTQyOWFiZDljODciLCJlbWFpbCI6Inlhcm9zbGF2LmNlYnJvQGdtYWlsLmNvbSIsImlzVmVyaWZpZWQiOmZhbHNlLCJpYXQiOjE2OTAyOTU1MTEsImV4cCI6MTY5MDI5NjcxMX0.CHY3P8wQCJVbyCOmcsrZxRT99zlIbZJBq3k50h1KbOI","user-agent":"PostmanRuntime/7.32.3","accept":"*/*","postman-token":"24f35897-2447-4bfe-ae3e-10e919d3ee3b","host":"localhost:3000","accept-encoding":"gzip, deflate, br","connection":"keep-alive","content-length":"0"},"remoteAddress":"::1","remotePort":64758},"res":{"statusCode":404,"headers":{"x-powered-by":"Express","access-control-allow-origin":"*","content-type":"application/json; charset=utf-8","content-length":"65","etag":"W/\"41-3nQa7b0qErTX/nvtF/myt5dS3H4\""}},"responseTime":44568,"msg":"request completed"}
{"level":30,"time":1690295753559,"pid":5804,"hostname":"DESKTOP-5ABHPS7","msg":"Authorization went good"}
{"level":30,"time":1690295754081,"pid":5804,"hostname":"DESKTOP-5ABHPS7","msg":"sendOtp started"}
{"level":30,"time":1690295759507,"pid":5804,"hostname":"DESKTOP-5ABHPS7","msg":"userId: "}
{"level":30,"time":1690295762249,"pid":5804,"hostname":"DESKTOP-5ABHPS7","msg":"Error in error handler: "}
{"level":30,"time":1690295762250,"pid":5804,"hostname":"DESKTOP-5ABHPS7","req":{"id":4,"method":"POST","url":"/api/user/send-otp","query":{},"params":{},"headers":{"authorization":"Bearer eyJhbGciOiJIUzI1NiIsInR5cCI6IkpXVCJ9.eyJfaWQiOiI2NGJmZGNjMDM4OTczOTQyOWFiZDljODciLCJlbWFpbCI6Inlhcm9zbGF2LmNlYnJvQGdtYWlsLmNvbSIsImlzVmVyaWZpZWQiOmZhbHNlLCJpYXQiOjE2OTAyOTU1MTEsImV4cCI6MTY5MDI5NjcxMX0.CHY3P8wQCJVbyCOmcsrZxRT99zlIbZJBq3k50h1KbOI","user-agent":"PostmanRuntime/7.32.3","accept":"*/*","postman-token":"45950063-9a22-4d2a-92b9-e3489adab261","host":"localhost:3000","accept-encoding":"gzip, deflate, br","connection":"keep-alive","content-length":"0"},"remoteAddress":"::1","remotePort":64758},"res":{"statusCode":404,"headers":{"x-powered-by":"Express","access-control-allow-origin":"*","content-type":"application/json; charset=utf-8","content-length":"65","etag":"W/\"41-3nQa7b0qErTX/nvtF/myt5dS3H4\""}},"responseTime":35302,"msg":"request completed"}
{"level":30,"time":1690295768412,"pid":19844,"hostname":"DESKTOP-5ABHPS7","msg":"Configured server variables"}
{"level":30,"time":1690295768428,"pid":19844,"hostname":"DESKTOP-5ABHPS7","msg":"Configured app settings"}
{"level":30,"time":1690295768432,"pid":19844,"hostname":"DESKTOP-5ABHPS7","msg":"Server is working on 3000"}
{"level":30,"time":1690295768432,"pid":19844,"hostname":"DESKTOP-5ABHPS7","msg":"Server started apply configurations"}
{"level":30,"time":1690295789212,"pid":19844,"hostname":"DESKTOP-5ABHPS7","msg":"Authorization went good"}
{"level":30,"time":1690295789212,"pid":19844,"hostname":"DESKTOP-5ABHPS7","msg":"sendOtp started"}
{"level":30,"time":1690295792139,"pid":19844,"hostname":"DESKTOP-5ABHPS7","msg":"userId: "}
{"level":30,"time":1690295794416,"pid":19844,"hostname":"DESKTOP-5ABHPS7","msg":"database connected"}
{"level":30,"time":1690295797621,"pid":19844,"hostname":"DESKTOP-5ABHPS7","msg":"Sending activation link started"}
{"level":30,"time":1690295797621,"pid":19844,"hostname":"DESKTOP-5ABHPS7","msg":"Receiver: "}
{"level":30,"time":1690295797621,"pid":19844,"hostname":"DESKTOP-5ABHPS7","msg":"Link: "}
{"level":30,"time":1690295798392,"pid":19844,"hostname":"DESKTOP-5ABHPS7","msg":"sendOtp ended"}
{"level":30,"time":1690295798397,"pid":19844,"hostname":"DESKTOP-5ABHPS7","req":{"id":1,"method":"POST","url":"/api/user/send-otp","query":{},"params":{},"headers":{"authorization":"Bearer eyJhbGciOiJIUzI1NiIsInR5cCI6IkpXVCJ9.eyJfaWQiOiI2NGJmZGNjMDM4OTczOTQyOWFiZDljODciLCJlbWFpbCI6Inlhcm9zbGF2LmNlYnJvQGdtYWlsLmNvbSIsImlzVmVyaWZpZWQiOmZhbHNlLCJpYXQiOjE2OTAyOTU1MTEsImV4cCI6MTY5MDI5NjcxMX0.CHY3P8wQCJVbyCOmcsrZxRT99zlIbZJBq3k50h1KbOI","user-agent":"PostmanRuntime/7.32.3","accept":"*/*","postman-token":"fb854f67-e1ca-47f9-adbb-651252d941ba","host":"localhost:3000","accept-encoding":"gzip, deflate, br","connection":"keep-alive","content-length":"0"},"remoteAddress":"::1","remotePort":64824},"res":{"statusCode":200,"headers":{"x-powered-by":"Express","access-control-allow-origin":"*","content-type":"application/json; charset=utf-8","content-length":"16","etag":"W/\"10-oV4hJxRVSENxc/wX8+mA4/Pe4tA\""}},"responseTime":29056,"msg":"request completed"}
{"level":50,"time":1690295798562,"pid":19844,"hostname":"DESKTOP-5ABHPS7","msg":"An Error occurred during sending email"}
{"level":30,"time":1690296130136,"pid":3148,"hostname":"DESKTOP-5ABHPS7","msg":"Configured server variables"}
{"level":30,"time":1690296130157,"pid":3148,"hostname":"DESKTOP-5ABHPS7","msg":"Configured app settings"}
{"level":30,"time":1690296130169,"pid":3148,"hostname":"DESKTOP-5ABHPS7","msg":"Server is working on 3000"}
{"level":30,"time":1690296130170,"pid":3148,"hostname":"DESKTOP-5ABHPS7","msg":"Server started apply configurations"}
{"level":30,"time":1690296131636,"pid":3148,"hostname":"DESKTOP-5ABHPS7","msg":"database connected"}
{"level":30,"time":1690296174400,"pid":19708,"hostname":"DESKTOP-5ABHPS7","msg":"Configured server variables"}
{"level":30,"time":1690296174428,"pid":19708,"hostname":"DESKTOP-5ABHPS7","msg":"Configured app settings"}
{"level":30,"time":1690296174436,"pid":19708,"hostname":"DESKTOP-5ABHPS7","msg":"Server is working on 3000"}
{"level":30,"time":1690296174437,"pid":19708,"hostname":"DESKTOP-5ABHPS7","msg":"Server started apply configurations"}
{"level":30,"time":1690296174654,"pid":19708,"hostname":"DESKTOP-5ABHPS7","msg":"Authorization went good"}
{"level":30,"time":1690296174654,"pid":19708,"hostname":"DESKTOP-5ABHPS7","msg":"sendOtp started"}
{"level":30,"time":1690296176559,"pid":19708,"hostname":"DESKTOP-5ABHPS7","msg":"userId: "}
{"level":30,"time":1690296179498,"pid":19708,"hostname":"DESKTOP-5ABHPS7","msg":"database connected"}
{"level":30,"time":1690296183830,"pid":19708,"hostname":"DESKTOP-5ABHPS7","msg":"Sending activation link started"}
{"level":30,"time":1690296183830,"pid":19708,"hostname":"DESKTOP-5ABHPS7","msg":"Receiver: "}
{"level":30,"time":1690296183830,"pid":19708,"hostname":"DESKTOP-5ABHPS7","msg":"Link: "}
{"level":30,"time":1690296185556,"pid":19708,"hostname":"DESKTOP-5ABHPS7","msg":"sendOtp ended"}
{"level":30,"time":1690296185560,"pid":19708,"hostname":"DESKTOP-5ABHPS7","req":{"id":1,"method":"POST","url":"/api/user/send-otp","query":{},"params":{},"headers":{"authorization":"Bearer eyJhbGciOiJIUzI1NiIsInR5cCI6IkpXVCJ9.eyJfaWQiOiI2NGJmZGNjMDM4OTczOTQyOWFiZDljODciLCJlbWFpbCI6Inlhcm9zbGF2LmNlYnJvQGdtYWlsLmNvbSIsImlzVmVyaWZpZWQiOmZhbHNlLCJpYXQiOjE2OTAyOTU1MTEsImV4cCI6MTY5MDI5NjcxMX0.CHY3P8wQCJVbyCOmcsrZxRT99zlIbZJBq3k50h1KbOI","user-agent":"PostmanRuntime/7.32.3","accept":"*/*","postman-token":"e45a4429-b1c3-469b-89ec-e7e793906858","host":"localhost:3000","accept-encoding":"gzip, deflate, br","connection":"keep-alive","content-length":"0"},"remoteAddress":"::1","remotePort":65154},"res":{"statusCode":200,"headers":{"x-powered-by":"Express","access-control-allow-origin":"*","content-type":"application/json; charset=utf-8","content-length":"16","etag":"W/\"10-oV4hJxRVSENxc/wX8+mA4/Pe4tA\""}},"responseTime":10910,"msg":"request completed"}
{"level":50,"time":1690296229812,"pid":19708,"hostname":"DESKTOP-5ABHPS7","msg":"Occurred in user service"}
{"level":30,"time":1690296229813,"pid":19708,"hostname":"DESKTOP-5ABHPS7","msg":"Error in error handler: "}
{"level":30,"time":1690296229814,"pid":19708,"hostname":"DESKTOP-5ABHPS7","req":{"id":2,"method":"POST","url":"/api/user/activate/eyJhbGciOiJIUzI1NiIsInR5cCI6IkpXVCJ9.eyJ1c2VySWQiOiI2NGJmZGNjMDM4OTczOTQyOWFiZDljODciLCJpYXQiOjE2OTAyOTYxODIsImV4cCI6MTY5MDI5OTc4Mn0.tVpxf1zlueo1sQ4Y-A2RA9o3NuJDG0X-V_7kZsVnU1A","query":{},"params":{},"headers":{"authorization":"Bearer eyJhbGciOiJIUzI1NiIsInR5cCI6IkpXVCJ9.eyJfaWQiOiI2NGJmZGNjMDM4OTczOTQyOWFiZDljODciLCJlbWFpbCI6Inlhcm9zbGF2LmNlYnJvQGdtYWlsLmNvbSIsImlzVmVyaWZpZWQiOmZhbHNlLCJpYXQiOjE2OTAyOTU1MTEsImV4cCI6MTY5MDI5NjcxMX0.CHY3P8wQCJVbyCOmcsrZxRT99zlIbZJBq3k50h1KbOI","user-agent":"PostmanRuntime/7.32.3","accept":"*/*","postman-token":"afc546b6-c86f-49e4-b02c-46ad696b039b","host":"localhost:3000","accept-encoding":"gzip, deflate, br","connection":"keep-alive","content-length":"0"},"remoteAddress":"::1","remotePort":65240},"res":{"statusCode":401,"headers":{"x-powered-by":"Express","access-control-allow-origin":"*","content-type":"application/json; charset=utf-8","content-length":"98","etag":"W/\"62-wkZUHjt/RSKHjJHICQPdHyKcFNI\""}},"responseTime":140,"msg":"request completed"}
{"level":50,"time":1690296343115,"pid":19708,"hostname":"DESKTOP-5ABHPS7","msg":"Occurred in user service"}
{"level":30,"time":1690296343115,"pid":19708,"hostname":"DESKTOP-5ABHPS7","msg":"Error in error handler: "}
{"level":30,"time":1690296343116,"pid":19708,"hostname":"DESKTOP-5ABHPS7","req":{"id":3,"method":"POST","url":"/api/user/activate/eyJhbGciOiJIUzI1NiIsInR5cCI6IkpXVCJ9.eyJ1c2VySWQiOiI2NGJmZGNjMDM4OTczOTQyOWFiZDljODciLCJpYXQiOjE2OTAyOTYxODIsImV4cCI6MTY5MDI5OTc4Mn0.tVpxf1zlueo1sQ4Y-A2RA9o3NuJDG0X-V_7kZsVnU1A","query":{},"params":{},"headers":{"authorization":"Bearer eyJhbGciOiJIUzI1NiIsInR5cCI6IkpXVCJ9.eyJfaWQiOiI2NGJmZGNjMDM4OTczOTQyOWFiZDljODciLCJlbWFpbCI6Inlhcm9zbGF2LmNlYnJvQGdtYWlsLmNvbSIsImlzVmVyaWZpZWQiOmZhbHNlLCJpYXQiOjE2OTAyOTU1MTEsImV4cCI6MTY5MDI5NjcxMX0.CHY3P8wQCJVbyCOmcsrZxRT99zlIbZJBq3k50h1KbOI","user-agent":"PostmanRuntime/7.32.3","accept":"*/*","postman-token":"f9e385b2-4d1c-4cda-aa5e-de000722b9ef","host":"localhost:3000","accept-encoding":"gzip, deflate, br","connection":"keep-alive","content-length":"0"},"remoteAddress":"::1","remotePort":65345},"res":{"statusCode":401,"headers":{"x-powered-by":"Express","access-control-allow-origin":"*","content-type":"application/json; charset=utf-8","content-length":"57","etag":"W/\"39-xzautXYR4uQekh/KurYvHnClMNk\""}},"responseTime":20768,"msg":"request completed"}
{"level":30,"time":1690296366221,"pid":19708,"hostname":"DESKTOP-5ABHPS7","msg":"Error in error handler: "}
{"level":30,"time":1690296366222,"pid":19708,"hostname":"DESKTOP-5ABHPS7","req":{"id":4,"method":"POST","url":"/api/user/send-otp","query":{},"params":{},"headers":{"content-type":"application/json","authorization":"Bearer eyJhbGciOiJIUzI1NiIsInR5cCI6IkpXVCJ9.eyJpc1ZlcmlmaWVkIjpmYWxzZSwiaWQiOjEzLCJlbWFpbCI6ImVtYWlsNUBnbWFpbC5jb20iLCJpYXQiOjE2ODc4NjkxMTksImV4cCI6MTY4Nzg3MDMxOX0.BPdHL-pE400DRI_vb83cusumfivRvS7VjNgEXlyI364","user-agent":"PostmanRuntime/7.32.3","accept":"*/*","postman-token":"c62597f1-a9a9-4b15-a9d5-e0e28d63c597","host":"localhost:3000","accept-encoding":"gzip, deflate, br","connection":"keep-alive","content-length":"65"},"remoteAddress":"::1","remotePort":65379},"res":{"statusCode":401,"headers":{"x-powered-by":"Express","access-control-allow-origin":"*","content-type":"application/json; charset=utf-8","content-length":"39","etag":"W/\"27-qEHDZKHHFHXoYhiQFuGKyFKFUKc\""}},"responseTime":138,"msg":"request completed"}
{"level":30,"time":1690296377108,"pid":19708,"hostname":"DESKTOP-5ABHPS7","req":{"id":5,"method":"POST","url":"/api/user/refresh","query":{},"params":{},"headers":{"content-type":"application/json","authorization":"Bearer eyJhbGciOiJIUzI1NiIsInR5cCI6IkpXVCJ9.eyJpc1ZlcmlmaWVkIjpmYWxzZSwiaWQiOjEzLCJlbWFpbCI6ImVtYWlsNUBnbWFpbC5jb20iLCJpYXQiOjE2ODc4NjkxMTksImV4cCI6MTY4Nzg3MDMxOX0.BPdHL-pE400DRI_vb83cusumfivRvS7VjNgEXlyI364","user-agent":"PostmanRuntime/7.32.3","accept":"*/*","postman-token":"a24c0045-12d2-4912-8acf-9e8c4e1541b2","host":"localhost:3000","accept-encoding":"gzip, deflate, br","connection":"keep-alive","content-length":"65"},"remoteAddress":"::1","remotePort":65393},"res":{"statusCode":404,"headers":{"x-powered-by":"Express","access-control-allow-origin":"*","content-security-policy":"default-src 'none'","x-content-type-options":"nosniff","content-type":"text/html; charset=utf-8","content-length":156}},"responseTime":5,"msg":"request completed"}
{"level":50,"time":1690296388986,"pid":19708,"hostname":"DESKTOP-5ABHPS7","msg":"Occurred in user service"}
{"level":50,"time":1690296388987,"pid":19708,"hostname":"DESKTOP-5ABHPS7","msg":"Occurred during logout"}
{"level":30,"time":1690296388987,"pid":19708,"hostname":"DESKTOP-5ABHPS7","msg":"Error in error handler: "}
{"level":30,"time":1690296388988,"pid":19708,"hostname":"DESKTOP-5ABHPS7","req":{"id":6,"method":"GET","url":"/api/user/refresh","query":{},"params":{},"headers":{"content-type":"application/json","authorization":"Bearer eyJhbGciOiJIUzI1NiIsInR5cCI6IkpXVCJ9.eyJpc1ZlcmlmaWVkIjpmYWxzZSwiaWQiOjEzLCJlbWFpbCI6ImVtYWlsNUBnbWFpbC5jb20iLCJpYXQiOjE2ODc4NjkxMTksImV4cCI6MTY4Nzg3MDMxOX0.BPdHL-pE400DRI_vb83cusumfivRvS7VjNgEXlyI364","user-agent":"PostmanRuntime/7.32.3","accept":"*/*","postman-token":"7c58b355-a72d-4fb0-a1a6-a22244acd9bb","host":"localhost:3000","accept-encoding":"gzip, deflate, br","connection":"keep-alive","content-length":"65"},"remoteAddress":"::1","remotePort":65413},"res":{"statusCode":401,"headers":{"x-powered-by":"Express","access-control-allow-origin":"*","content-type":"application/json; charset=utf-8","content-length":"55","etag":"W/\"37-J4kBatO0JsH/Qm48rXJKrynFK9w\""}},"responseTime":4,"msg":"request completed"}
{"level":50,"time":1690296430947,"pid":19708,"hostname":"DESKTOP-5ABHPS7","msg":"Occurred in user service"}
{"level":30,"time":1690296430948,"pid":19708,"hostname":"DESKTOP-5ABHPS7","msg":"Error in error handler: "}
{"level":30,"time":1690296430949,"pid":19708,"hostname":"DESKTOP-5ABHPS7","req":{"id":7,"method":"POST","url":"/api/user/activate/eyJhbGciOiJIUzI1NiIsInR5cCI6IkpXVCJ9.eyJ1c2VySWQiOiI2NGJmZGNjMDM4OTczOTQyOWFiZDljODciLCJpYXQiOjE2OTAyOTYxODIsImV4cCI6MTY5MDI5OTc4Mn0.tVpxf1zlueo1sQ4Y-A2RA9o3NuJDG0X-V_7kZsVnU1A","query":{},"params":{},"headers":{"authorization":"Bearer eyJhbGciOiJIUzI1NiIsInR5cCI6IkpXVCJ9.eyJfaWQiOiI2NGJmZGNjMDM4OTczOTQyOWFiZDljODciLCJlbWFpbCI6Inlhcm9zbGF2LmNlYnJvQGdtYWlsLmNvbSIsImlzVmVyaWZpZWQiOmZhbHNlLCJpYXQiOjE2OTAyOTU1MTEsImV4cCI6MTY5MDI5NjcxMX0.CHY3P8wQCJVbyCOmcsrZxRT99zlIbZJBq3k50h1KbOI","content-type":"application/json","user-agent":"PostmanRuntime/7.32.3","accept":"*/*","postman-token":"44a21696-8f0e-4ac7-bb4e-9b1bc252bc02","host":"localhost:3000","accept-encoding":"gzip, deflate, br","connection":"keep-alive","content-length":"1774"},"remoteAddress":"::1","remotePort":65436},"res":{"statusCode":401,"headers":{"x-powered-by":"Express","access-control-allow-origin":"*","content-type":"application/json; charset=utf-8","content-length":"57","etag":"W/\"39-xzautXYR4uQekh/KurYvHnClMNk\""}},"responseTime":5647,"msg":"request completed"}
{"level":50,"time":1690296465145,"pid":19708,"hostname":"DESKTOP-5ABHPS7","msg":"Occurred in user service"}
{"level":50,"time":1690296465145,"pid":19708,"hostname":"DESKTOP-5ABHPS7","msg":"Occurred during login"}
{"level":30,"time":1690296465146,"pid":19708,"hostname":"DESKTOP-5ABHPS7","msg":"Error in error handler: "}
{"level":30,"time":1690296465146,"pid":19708,"hostname":"DESKTOP-5ABHPS7","req":{"id":8,"method":"POST","url":"/api/user/login","query":{},"params":{},"headers":{"content-type":"application/json","authorization":"Bearer eyJhbGciOiJIUzI1NiIsInR5cCI6IkpXVCJ9.eyJpc1ZlcmlmaWVkIjpmYWxzZSwiaWQiOjEzLCJlbWFpbCI6ImVtYWlsNUBnbWFpbC5jb20iLCJpYXQiOjE2ODc4NjkxMTksImV4cCI6MTY4Nzg3MDMxOX0.BPdHL-pE400DRI_vb83cusumfivRvS7VjNgEXlyI364","user-agent":"PostmanRuntime/7.32.3","accept":"*/*","postman-token":"627aa16b-763d-4bc6-8922-615387a25332","host":"localhost:3000","accept-encoding":"gzip, deflate, br","connection":"keep-alive","content-length":"98"},"remoteAddress":"::1","remotePort":65479},"res":{"statusCode":404,"headers":{"x-powered-by":"Express","access-control-allow-origin":"*","content-type":"application/json; charset=utf-8","content-length":"92","etag":"W/\"5c-42BN29j9HBwcYAqwFzOhV2rgsHA\""}},"responseTime":7,"msg":"request completed"}
{"level":30,"time":1690296492103,"pid":12144,"hostname":"DESKTOP-5ABHPS7","msg":"Configured server variables"}
{"level":30,"time":1690296492123,"pid":12144,"hostname":"DESKTOP-5ABHPS7","msg":"Configured app settings"}
{"level":30,"time":1690296492137,"pid":12144,"hostname":"DESKTOP-5ABHPS7","msg":"Server is working on 3000"}
{"level":30,"time":1690296492137,"pid":12144,"hostname":"DESKTOP-5ABHPS7","msg":"Server started apply configurations"}
{"level":30,"time":1690296493625,"pid":12144,"hostname":"DESKTOP-5ABHPS7","msg":"database connected"}
{"level":30,"time":1690296495122,"pid":12144,"hostname":"DESKTOP-5ABHPS7","msg":"Validated successfully"}
{"level":50,"time":1690296495265,"pid":12144,"hostname":"DESKTOP-5ABHPS7","msg":"Occurred in user service"}
{"level":50,"time":1690296495265,"pid":12144,"hostname":"DESKTOP-5ABHPS7","msg":"Occurred during login"}
{"level":30,"time":1690296495265,"pid":12144,"hostname":"DESKTOP-5ABHPS7","msg":"Error in error handler: "}
{"level":30,"time":1690296495270,"pid":12144,"hostname":"DESKTOP-5ABHPS7","req":{"id":1,"method":"POST","url":"/api/user/login","query":{},"params":{},"headers":{"content-type":"application/json","authorization":"Bearer eyJhbGciOiJIUzI1NiIsInR5cCI6IkpXVCJ9.eyJpc1ZlcmlmaWVkIjpmYWxzZSwiaWQiOjEzLCJlbWFpbCI6ImVtYWlsNUBnbWFpbC5jb20iLCJpYXQiOjE2ODc4NjkxMTksImV4cCI6MTY4Nzg3MDMxOX0.BPdHL-pE400DRI_vb83cusumfivRvS7VjNgEXlyI364","user-agent":"PostmanRuntime/7.32.3","accept":"*/*","postman-token":"525c0b00-ec14-4924-91d2-eaf8dcab5af5","host":"localhost:3000","accept-encoding":"gzip, deflate, br","connection":"keep-alive","content-length":"98"},"remoteAddress":"::1","remotePort":65528},"res":{"statusCode":500,"headers":{"x-powered-by":"Express","access-control-allow-origin":"*","content-type":"application/json; charset=utf-8","content-length":"110","etag":"W/\"6e-Bw/t4PJXhf2O+n3/agqxiJRb7Z4\""}},"err":{"type":"Error","message":"failed with status code 500","stack":"Error: failed with status code 500\n    at onResFinished (D:\\web projects\\chat-app\\backend\\node_modules\\pino-http\\logger.js:110:39)\n    at ServerResponse.onResponseComplete (D:\\web projects\\chat-app\\backend\\node_modules\\pino-http\\logger.js:173:14)\n    at ServerResponse.emit (node:events:525:35)\n    at ServerResponse.emit (node:domain:489:12)\n    at onFinish (node:_http_outgoing:950:10)\n    at callback (node:internal/streams/writable:555:21)\n    at afterWrite (node:internal/streams/writable:500:5)\n    at afterWriteTick (node:internal/streams/writable:487:10)\n    at processTicksAndRejections (node:internal/process/task_queues:81:21)"},"responseTime":184,"msg":"request errored"}
{"level":30,"time":1690296515239,"pid":12144,"hostname":"DESKTOP-5ABHPS7","msg":"Validated successfully"}
{"level":50,"time":1690296520369,"pid":12144,"hostname":"DESKTOP-5ABHPS7","msg":"Occurred in user service"}
{"level":50,"time":1690296520369,"pid":12144,"hostname":"DESKTOP-5ABHPS7","msg":"Occurred during login"}
{"level":30,"time":1690296520369,"pid":12144,"hostname":"DESKTOP-5ABHPS7","msg":"Error in error handler: "}
{"level":30,"time":1690296520370,"pid":12144,"hostname":"DESKTOP-5ABHPS7","req":{"id":2,"method":"POST","url":"/api/user/login","query":{},"params":{},"headers":{"content-type":"application/json","authorization":"Bearer eyJhbGciOiJIUzI1NiIsInR5cCI6IkpXVCJ9.eyJpc1ZlcmlmaWVkIjpmYWxzZSwiaWQiOjEzLCJlbWFpbCI6ImVtYWlsNUBnbWFpbC5jb20iLCJpYXQiOjE2ODc4NjkxMTksImV4cCI6MTY4Nzg3MDMxOX0.BPdHL-pE400DRI_vb83cusumfivRvS7VjNgEXlyI364","user-agent":"PostmanRuntime/7.32.3","accept":"*/*","postman-token":"dc89ef89-b59c-4158-92ee-f0f53ad3a32d","host":"localhost:3000","accept-encoding":"gzip, deflate, br","connection":"keep-alive","content-length":"98"},"remoteAddress":"::1","remotePort":49165},"res":{"statusCode":500,"headers":{"x-powered-by":"Express","access-control-allow-origin":"*","content-type":"application/json; charset=utf-8","content-length":"110","etag":"W/\"6e-Bw/t4PJXhf2O+n3/agqxiJRb7Z4\""}},"err":{"type":"Error","message":"failed with status code 500","stack":"Error: failed with status code 500\n    at onResFinished (D:\\web projects\\chat-app\\backend\\node_modules\\pino-http\\logger.js:110:39)\n    at ServerResponse.onResponseComplete (D:\\web projects\\chat-app\\backend\\node_modules\\pino-http\\logger.js:173:14)\n    at ServerResponse.emit (node:events:525:35)\n    at ServerResponse.emit (node:domain:489:12)\n    at onFinish (node:_http_outgoing:950:10)\n    at callback (node:internal/streams/writable:555:21)\n    at afterWrite (node:internal/streams/writable:500:5)\n    at afterWriteTick (node:internal/streams/writable:487:10)\n    at processTicksAndRejections (node:internal/process/task_queues:81:21)"},"responseTime":5136,"msg":"request errored"}
{"level":30,"time":1690296627598,"pid":12144,"hostname":"DESKTOP-5ABHPS7","msg":"Validated successfully"}
{"level":50,"time":1690296766050,"pid":12144,"hostname":"DESKTOP-5ABHPS7","msg":"Occurred in user service"}
{"level":50,"time":1690296818256,"pid":12144,"hostname":"DESKTOP-5ABHPS7","msg":"Occurred during login"}
{"level":30,"time":1690296818256,"pid":12144,"hostname":"DESKTOP-5ABHPS7","msg":"Error in error handler: "}
{"level":30,"time":1690296818258,"pid":12144,"hostname":"DESKTOP-5ABHPS7","req":{"id":3,"method":"POST","url":"/api/user/login","query":{},"params":{},"headers":{"content-type":"application/json","authorization":"Bearer eyJhbGciOiJIUzI1NiIsInR5cCI6IkpXVCJ9.eyJpc1ZlcmlmaWVkIjpmYWxzZSwiaWQiOjEzLCJlbWFpbCI6ImVtYWlsNUBnbWFpbC5jb20iLCJpYXQiOjE2ODc4NjkxMTksImV4cCI6MTY4Nzg3MDMxOX0.BPdHL-pE400DRI_vb83cusumfivRvS7VjNgEXlyI364","user-agent":"PostmanRuntime/7.32.3","accept":"*/*","postman-token":"b83e6e37-bb49-4e1e-8837-75feb5a8eae1","host":"localhost:3000","accept-encoding":"gzip, deflate, br","connection":"keep-alive","content-length":"98"},"remoteAddress":"::1","remotePort":49254},"res":{"statusCode":500,"headers":{"x-powered-by":"Express","access-control-allow-origin":"*","content-type":"application/json; charset=utf-8","content-length":"110","etag":"W/\"6e-Bw/t4PJXhf2O+n3/agqxiJRb7Z4\""}},"err":{"type":"Error","message":"failed with status code 500","stack":"Error: failed with status code 500\n    at onResFinished (D:\\web projects\\chat-app\\backend\\node_modules\\pino-http\\logger.js:110:39)\n    at ServerResponse.onResponseComplete (D:\\web projects\\chat-app\\backend\\node_modules\\pino-http\\logger.js:173:14)\n    at ServerResponse.emit (node:events:525:35)\n    at ServerResponse.emit (node:domain:489:12)\n    at onFinish (node:_http_outgoing:950:10)\n    at callback (node:internal/streams/writable:555:21)\n    at afterWrite (node:internal/streams/writable:500:5)\n    at afterWriteTick (node:internal/streams/writable:487:10)\n    at processTicksAndRejections (node:internal/process/task_queues:81:21)"},"responseTime":190662,"msg":"request errored"}
{"level":30,"time":1690296820691,"pid":12144,"hostname":"DESKTOP-5ABHPS7","msg":"Validated successfully"}
{"level":30,"time":1690296936712,"pid":6096,"hostname":"DESKTOP-5ABHPS7","msg":"Configured server variables"}
{"level":30,"time":1690296936739,"pid":6096,"hostname":"DESKTOP-5ABHPS7","msg":"Configured app settings"}
{"level":30,"time":1690296936742,"pid":6096,"hostname":"DESKTOP-5ABHPS7","msg":"Server is working on 3000"}
{"level":30,"time":1690296936743,"pid":6096,"hostname":"DESKTOP-5ABHPS7","msg":"Server started apply configurations"}
{"level":30,"time":1690296938195,"pid":6096,"hostname":"DESKTOP-5ABHPS7","msg":"database connected"}
{"level":30,"time":1690296950126,"pid":6096,"hostname":"DESKTOP-5ABHPS7","msg":"Validated successfully"}
{"level":30,"time":1690297148554,"pid":24740,"hostname":"DESKTOP-5ABHPS7","msg":"Configured server variables"}
{"level":30,"time":1690297148735,"pid":24740,"hostname":"DESKTOP-5ABHPS7","msg":"Configured app settings"}
{"level":30,"time":1690297148746,"pid":24740,"hostname":"DESKTOP-5ABHPS7","msg":"Server is working on 3000"}
{"level":30,"time":1690297148746,"pid":24740,"hostname":"DESKTOP-5ABHPS7","msg":"Server started apply configurations"}
{"level":30,"time":1690297150919,"pid":24740,"hostname":"DESKTOP-5ABHPS7","msg":"database connected"}
{"level":30,"time":1690297166039,"pid":24740,"hostname":"DESKTOP-5ABHPS7","msg":"Validated successfully"}
{"level":30,"time":1690297166656,"pid":24740,"hostname":"DESKTOP-5ABHPS7","msg":"Refresh token was added to the cookie"}
{"level":30,"time":1690297166660,"pid":24740,"hostname":"DESKTOP-5ABHPS7","req":{"id":1,"method":"POST","url":"/api/user/login","query":{},"params":{},"headers":{"content-type":"application/json","authorization":"Bearer eyJhbGciOiJIUzI1NiIsInR5cCI6IkpXVCJ9.eyJpc1ZlcmlmaWVkIjpmYWxzZSwiaWQiOjEzLCJlbWFpbCI6ImVtYWlsNUBnbWFpbC5jb20iLCJpYXQiOjE2ODc4NjkxMTksImV4cCI6MTY4Nzg3MDMxOX0.BPdHL-pE400DRI_vb83cusumfivRvS7VjNgEXlyI364","user-agent":"PostmanRuntime/7.32.3","accept":"*/*","postman-token":"ee8e57cb-8d4e-4a97-9d1d-a70c53e14556","host":"localhost:3000","accept-encoding":"gzip, deflate, br","connection":"keep-alive","content-length":"98"},"remoteAddress":"::1","remotePort":49688},"res":{"statusCode":200,"headers":{"x-powered-by":"Express","access-control-allow-origin":"*","set-cookie":"refreshToken=eyJhbGciOiJIUzI1NiIsInR5cCI6IkpXVCJ9.eyJfaWQiOiI2NGJmZGNjMDM4OTczOTQyOWFiZDljODciLCJlbWFpbCI6Inlhcm9zbGF2LmNlYnJvQGdtYWlsLmNvbSIsImlzVmVyaWZpZWQiOmZhbHNlLCJpYXQiOjE2OTAyOTcxNjYsImV4cCI6MTY5Mjg4OTE2Nn0.BruMcumY3xcQl0V8qLlXy-3CLBCs3c0Ty1gsh0LdU98; Max-Age=1; Path=/; Expires=Tue, 25 Jul 2023 14:59:28 GMT; HttpOnly","content-type":"application/json; charset=utf-8","content-length":"620","etag":"W/\"26c-3Ob7PJjKJM+Ow8O/KDE3OM/BPbg\""}},"responseTime":1063,"msg":"request completed"}
{"level":30,"time":1690297176390,"pid":24740,"hostname":"DESKTOP-5ABHPS7","msg":"Validated successfully"}
{"level":50,"time":1690297176586,"pid":24740,"hostname":"DESKTOP-5ABHPS7","msg":"Occurred in user service"}
{"level":50,"time":1690297176587,"pid":24740,"hostname":"DESKTOP-5ABHPS7","msg":"Occurred during login"}
{"level":30,"time":1690297176587,"pid":24740,"hostname":"DESKTOP-5ABHPS7","msg":"Error in error handler: "}
{"level":30,"time":1690297176588,"pid":24740,"hostname":"DESKTOP-5ABHPS7","req":{"id":2,"method":"POST","url":"/api/user/login","query":{},"params":{},"headers":{"content-type":"application/json","authorization":"Bearer eyJhbGciOiJIUzI1NiIsInR5cCI6IkpXVCJ9.eyJpc1ZlcmlmaWVkIjpmYWxzZSwiaWQiOjEzLCJlbWFpbCI6ImVtYWlsNUBnbWFpbC5jb20iLCJpYXQiOjE2ODc4NjkxMTksImV4cCI6MTY4Nzg3MDMxOX0.BPdHL-pE400DRI_vb83cusumfivRvS7VjNgEXlyI364","user-agent":"PostmanRuntime/7.32.3","accept":"*/*","postman-token":"5c3bec97-e4e9-4e80-8f0d-4841943d2b5e","host":"localhost:3000","accept-encoding":"gzip, deflate, br","connection":"keep-alive","content-length":"100"},"remoteAddress":"::1","remotePort":49694},"res":{"statusCode":401,"headers":{"x-powered-by":"Express","access-control-allow-origin":"*","content-type":"application/json; charset=utf-8","content-length":"41","etag":"W/\"29-kSgKG04Iz1BgMpJ1jHErVz3wSDs\""}},"responseTime":201,"msg":"request completed"}
{"level":30,"time":1690366115229,"pid":18512,"hostname":"DESKTOP-5ABHPS7","msg":"Configured server variables"}
{"level":30,"time":1690366115230,"pid":18512,"hostname":"DESKTOP-5ABHPS7","msg":"mongodb+srv://yaroslavcebro:jZU6uoD86JqdLMfh@cluster0.sryeyft.mongodb.net/?retryWrites=true&w=majority"}
{"level":30,"time":1690366115244,"pid":18512,"hostname":"DESKTOP-5ABHPS7","msg":"Configured app settings"}
{"level":30,"time":1690366116348,"pid":18512,"hostname":"DESKTOP-5ABHPS7","msg":"Server is working on 3000"}
{"level":30,"time":1690366116348,"pid":18512,"hostname":"DESKTOP-5ABHPS7","msg":"Server started apply configurations"}
{"level":30,"time":1690366117960,"pid":18512,"hostname":"DESKTOP-5ABHPS7","msg":"database connected"}
